This is pdfTeX, Version 3.14159265-2.6-1.40.19 (TeX Live 2018) (preloaded format=pdflatex 2018.12.25)  22 AUG 2019 10:27
entering extended mode
 restricted \write18 enabled.
 file:line:error style messages enabled.
 %&-line parsing enabled.
**biophys_waves.tex
(./biophys_waves.tex
LaTeX2e <2018-04-01> patch level 2
Babel <3.18> and hyphenation patterns for 84 language(s) loaded.
(./biophys-new.cls
Document Class: biophys-new 
(/usr/local/texlive/2018/texmf-dist/tex/latex/base/article.cls
Document Class: article 2014/09/29 v1.4h Standard LaTeX document class
(/usr/local/texlive/2018/texmf-dist/tex/latex/base/size10.clo
File: size10.clo 2014/09/29 v1.4h Standard LaTeX file (size option)
)
\c@part=\count80
\c@section=\count81
\c@subsection=\count82
\c@subsubsection=\count83
\c@paragraph=\count84
\c@subparagraph=\count85
\c@figure=\count86
\c@table=\count87
\abovecaptionskip=\skip41
\belowcaptionskip=\skip42
\bibindent=\dimen102
) (/usr/local/texlive/2018/texmf-dist/tex/latex/mathtools/mathtools.sty
Package: mathtools 2018/01/08 v1.21 mathematical typesetting tools
 (/usr/local/texlive/2018/texmf-dist/tex/latex/graphics/keyval.sty
Package: keyval 2014/10/28 v1.15 key=value parser (DPC)
\KV@toks@=\toks14
) (/usr/local/texlive/2018/texmf-dist/tex/latex/tools/calc.sty
Package: calc 2017/05/25 v4.3 Infix arithmetic (KKT,FJ)
\calc@Acount=\count88
\calc@Bcount=\count89
\calc@Adimen=\dimen103
\calc@Bdimen=\dimen104
\calc@Askip=\skip43
\calc@Bskip=\skip44
LaTeX Info: Redefining \setlength on input line 80.
LaTeX Info: Redefining \addtolength on input line 81.
\calc@Ccount=\count90
\calc@Cskip=\skip45
) (/usr/local/texlive/2018/texmf-dist/tex/latex/mathtools/mhsetup.sty
Package: mhsetup 2017/03/31 v1.3 programming setup (MH)
) (/usr/local/texlive/2018/texmf-dist/tex/latex/amsmath/amsmath.sty
Package: amsmath 2017/09/02 v2.17a AMS math features
\@mathmargin=\skip46

For additional information on amsmath, use the `?' option.
(/usr/local/texlive/2018/texmf-dist/tex/latex/amsmath/amstext.sty
Package: amstext 2000/06/29 v2.01 AMS text
 (/usr/local/texlive/2018/texmf-dist/tex/latex/amsmath/amsgen.sty
File: amsgen.sty 1999/11/30 v2.0 generic functions
\@emptytoks=\toks15
\ex@=\dimen105
)) (/usr/local/texlive/2018/texmf-dist/tex/latex/amsmath/amsbsy.sty
Package: amsbsy 1999/11/29 v1.2d Bold Symbols
\pmbraise@=\dimen106
) (/usr/local/texlive/2018/texmf-dist/tex/latex/amsmath/amsopn.sty
Package: amsopn 2016/03/08 v2.02 operator names
)
\inf@bad=\count91
LaTeX Info: Redefining \frac on input line 213.
\uproot@=\count92
\leftroot@=\count93
LaTeX Info: Redefining \overline on input line 375.
\classnum@=\count94
\DOTSCASE@=\count95
LaTeX Info: Redefining \ldots on input line 472.
LaTeX Info: Redefining \dots on input line 475.
LaTeX Info: Redefining \cdots on input line 596.
\Mathstrutbox@=\box26
\strutbox@=\box27
\big@size=\dimen107
LaTeX Font Info:    Redeclaring font encoding OML on input line 712.
LaTeX Font Info:    Redeclaring font encoding OMS on input line 713.
\macc@depth=\count96
\c@MaxMatrixCols=\count97
\dotsspace@=\muskip10
\c@parentequation=\count98
\dspbrk@lvl=\count99
\tag@help=\toks16
\row@=\count100
\column@=\count101
\maxfields@=\count102
\andhelp@=\toks17
\eqnshift@=\dimen108
\alignsep@=\dimen109
\tagshift@=\dimen110
\tagwidth@=\dimen111
\totwidth@=\dimen112
\lineht@=\dimen113
\@envbody=\toks18
\multlinegap=\skip47
\multlinetaggap=\skip48
\mathdisplay@stack=\toks19
LaTeX Info: Redefining \[ on input line 2817.
LaTeX Info: Redefining \] on input line 2818.
)
LaTeX Info: Thecontrolsequence`\('isalreadyrobust on input line 129.
LaTeX Info: Thecontrolsequence`\)'isalreadyrobust on input line 129.
LaTeX Info: Thecontrolsequence`\['isalreadyrobust on input line 129.
LaTeX Info: Thecontrolsequence`\]'isalreadyrobust on input line 129.
\g_MT_multlinerow_int=\count103
\l_MT_multwidth_dim=\dimen114
\origjot=\skip49
\l_MT_shortvdotswithinadjustabove_dim=\dimen115
\l_MT_shortvdotswithinadjustbelow_dim=\dimen116
\l_MT_above_intertext_sep=\dimen117
\l_MT_below_intertext_sep=\dimen118
\l_MT_above_shortintertext_sep=\dimen119
\l_MT_below_shortintertext_sep=\dimen120
) (/usr/local/texlive/2018/texmf-dist/tex/latex/sansmath/sansmath.sty
Package: sansmath 2007/02/28  ver 1.1 Donald Arseneau
\c@mv@sans=\count104
LaTeX Font Info:    Overwriting math alphabet `\mathrm' in version `sans'
(Font)                  OT1/cmr/m/n --> OT1/cmss/m/n on input line 103.
LaTeX Font Info:    Overwriting math alphabet `\mathsfsl' in version `sans'
(Font)                  OT1/cmss/m/sl --> OT1/cmss/m/sl on input line 104.
LaTeX Font Info:    Overwriting symbol font `operators' in version `sans'
(Font)                  OT1/cmr/m/n --> OT1/cmss/m/n on input line 105.
LaTeX Font Info:    Overwriting symbol font `letters' in version `sans'
(Font)                  OML/cmm/m/it --> OML/cmm/m/it on input line 109.
LaTeX Font Info:    Overwriting symbol font `symbols' in version `sans'
(Font)                  OMS/cmsy/m/n --> OMS/cmsy/m/n on input line 110.
LaTeX Font Info:    Overwriting math alphabet `\mathsfbf' in version `sans'
(Font)                  OT1/cmss/bx/sl --> OT1/cmss/bx/n on input line 112.
) (/usr/local/texlive/2018/texmf-dist/tex/latex/xpatch/xpatch.sty (/usr/local/texlive/2018/texmf-dist/tex/latex/l3kernel/expl3.sty
Package: expl3 2018/03/05 L3 programming layer (loader) 
 (/usr/local/texlive/2018/texmf-dist/tex/latex/l3kernel/expl3-code.tex
Package: expl3 2018/03/05 L3 programming layer (code)
\c_max_int=\count105
\l_tmpa_int=\count106
\l_tmpb_int=\count107
\g_tmpa_int=\count108
\g_tmpb_int=\count109
\g__intarray_font_int=\count110
\g__prg_map_int=\count111
\c_log_iow=\count112
\l_iow_line_count_int=\count113
\l__iow_line_target_int=\count114
\l__iow_one_indent_int=\count115
\l__iow_indent_int=\count116
\c_zero_dim=\dimen121
\c_max_dim=\dimen122
\l_tmpa_dim=\dimen123
\l_tmpb_dim=\dimen124
\g_tmpa_dim=\dimen125
\g_tmpb_dim=\dimen126
\c_zero_skip=\skip50
\c_max_skip=\skip51
\l_tmpa_skip=\skip52
\l_tmpb_skip=\skip53
\g_tmpa_skip=\skip54
\g_tmpb_skip=\skip55
\c_zero_muskip=\muskip11
\c_max_muskip=\muskip12
\l_tmpa_muskip=\muskip13
\l_tmpb_muskip=\muskip14
\g_tmpa_muskip=\muskip15
\g_tmpb_muskip=\muskip16
\l_keys_choice_int=\count117
\c__fp_leading_shift_int=\count118
\c__fp_middle_shift_int=\count119
\c__fp_trailing_shift_int=\count120
\c__fp_big_leading_shift_int=\count121
\c__fp_big_middle_shift_int=\count122
\c__fp_big_trailing_shift_int=\count123
\c__fp_Bigg_leading_shift_int=\count124
\c__fp_Bigg_middle_shift_int=\count125
\c__fp_Bigg_trailing_shift_int=\count126
\c__fp_rand_size_int=\count127
\c__fp_rand_four_int=\count128
\c__fp_rand_eight_int=\count129
\l__sort_length_int=\count130
\l__sort_min_int=\count131
\l__sort_top_int=\count132
\l__sort_max_int=\count133
\l__sort_true_max_int=\count134
\l__sort_block_int=\count135
\l__sort_begin_int=\count136
\l__sort_end_int=\count137
\l__sort_A_int=\count138
\l__sort_B_int=\count139
\l__sort_C_int=\count140
\l__tl_build_start_index_int=\count141
\l__tl_build_index_int=\count142
\l__tl_analysis_normal_int=\count143
\l__tl_analysis_index_int=\count144
\l__tl_analysis_nesting_int=\count145
\l__tl_analysis_type_int=\count146
\l__regex_internal_a_int=\count147
\l__regex_internal_b_int=\count148
\l__regex_internal_c_int=\count149
\l__regex_balance_int=\count150
\l__regex_group_level_int=\count151
\l__regex_mode_int=\count152
\c__regex_cs_in_class_mode_int=\count153
\c__regex_cs_mode_int=\count154
\l__regex_catcodes_int=\count155
\l__regex_default_catcodes_int=\count156
\c__regex_catcode_D_int=\count157
\c__regex_catcode_S_int=\count158
\c__regex_catcode_L_int=\count159
\c__regex_catcode_O_int=\count160
\c__regex_catcode_A_int=\count161
\c__regex_all_catcodes_int=\count162
\l__regex_show_lines_int=\count163
\l__regex_min_state_int=\count164
\l__regex_max_state_int=\count165
\l__regex_left_state_int=\count166
\l__regex_right_state_int=\count167
\l__regex_capturing_group_int=\count168
\l__regex_min_pos_int=\count169
\l__regex_max_pos_int=\count170
\l__regex_curr_pos_int=\count171
\l__regex_start_pos_int=\count172
\l__regex_success_pos_int=\count173
\l__regex_curr_char_int=\count174
\l__regex_curr_catcode_int=\count175
\l__regex_last_char_int=\count176
\l__regex_case_changed_char_int=\count177
\l__regex_curr_state_int=\count178
\l__regex_step_int=\count179
\l__regex_min_active_int=\count180
\l__regex_max_active_int=\count181
\l__regex_replacement_csnames_int=\count182
\l__regex_match_count_int=\count183
\l__regex_min_submatch_int=\count184
\l__regex_submatch_int=\count185
\l__regex_zeroth_submatch_int=\count186
\g__regex_trace_regex_int=\count187
\c_empty_box=\box28
\l_tmpa_box=\box29
\l_tmpb_box=\box30
\g_tmpa_box=\box31
\g_tmpb_box=\box32
\l__box_top_dim=\dimen127
\l__box_bottom_dim=\dimen128
\l__box_left_dim=\dimen129
\l__box_right_dim=\dimen130
\l__box_top_new_dim=\dimen131
\l__box_bottom_new_dim=\dimen132
\l__box_left_new_dim=\dimen133
\l__box_right_new_dim=\dimen134
\l__box_internal_box=\box33
\l__coffin_internal_box=\box34
\l__coffin_internal_dim=\dimen135
\l__coffin_offset_x_dim=\dimen136
\l__coffin_offset_y_dim=\dimen137
\l__coffin_x_dim=\dimen138
\l__coffin_y_dim=\dimen139
\l__coffin_x_prime_dim=\dimen140
\l__coffin_y_prime_dim=\dimen141
\c_empty_coffin=\box35
\l__coffin_aligned_coffin=\box36
\l__coffin_aligned_internal_coffin=\box37
\l_tmpa_coffin=\box38
\l_tmpb_coffin=\box39
\l__coffin_display_coffin=\box40
\l__coffin_display_coord_coffin=\box41
\l__coffin_display_pole_coffin=\box42
\l__coffin_display_offset_dim=\dimen142
\l__coffin_display_x_dim=\dimen143
\l__coffin_display_y_dim=\dimen144
\l__coffin_bounding_shift_dim=\dimen145
\l__coffin_left_corner_dim=\dimen146
\l__coffin_right_corner_dim=\dimen147
\l__coffin_bottom_corner_dim=\dimen148
\l__coffin_top_corner_dim=\dimen149
\l__coffin_scaled_total_height_dim=\dimen150
\l__coffin_scaled_width_dim=\dimen151
) (/usr/local/texlive/2018/texmf-dist/tex/latex/l3kernel/l3pdfmode.def
File: l3pdfmode.def 2017/03/18 v L3 Experimental driver: PDF mode
\l__driver_color_stack_int=\count188
))
Package: xpatch 2012/10/02 v0.3 Extending etoolbox patching commands
 (/usr/local/texlive/2018/texmf-dist/tex/latex/l3packages/xparse/xparse.sty
Package: xparse 2018/02/21 L3 Experimental document command parser
\l__xparse_current_arg_int=\count189
\g__xparse_grabber_int=\count190
\l__xparse_m_args_int=\count191
\l__xparse_mandatory_args_int=\count192
\l__xparse_v_nesting_int=\count193
) (/usr/local/texlive/2018/texmf-dist/tex/latex/etoolbox/etoolbox.sty
Package: etoolbox 2018/02/11 v2.5e e-TeX tools for LaTeX (JAW)
\etb@tempcnta=\count194
)
.................................................
. LaTeX info: "xparse/define-command"
. 
. Defining command \xpatchcmd with sig. '' on line 125.
.................................................
.................................................
. LaTeX info: "xparse/define-command"
. 
. Defining command \xpretocmd with sig. '' on line 126.
.................................................
.................................................
. LaTeX info: "xparse/define-command"
. 
. Defining command \xapptocmd with sig. '' on line 127.
.................................................
.................................................
. LaTeX info: "xparse/define-command"
. 
. Defining command \xshowcmd with sig. '' on line 128.
.................................................
.................................................
. LaTeX info: "xparse/define-command"
. 
. Defining command \xpatchbibmacro with sig. 'm' on line 131.
.................................................
.................................................
. LaTeX info: "xparse/define-command"
. 
. Defining command \xpretobibmacro with sig. 'm' on line 133.
.................................................
.................................................
. LaTeX info: "xparse/define-command"
. 
. Defining command \xapptobibmacro with sig. 'm' on line 135.
.................................................
.................................................
. LaTeX info: "xparse/define-command"
. 
. Defining command \xshowbibmacro with sig. 'm' on line 137.
.................................................
.................................................
. LaTeX info: "xparse/define-command"
. 
. Defining command \xpatchfieldformat with sig. 'O{*}m' on line 139.
.................................................
.................................................
. LaTeX info: "xparse/define-command"
. 
. Defining command \xpretofieldformat with sig. 'O{*}m' on line 141.
.................................................
.................................................
. LaTeX info: "xparse/define-command"
. 
. Defining command \xapptofieldformat with sig. 'O{*}m' on line 143.
.................................................
.................................................
. LaTeX info: "xparse/define-command"
. 
. Defining command \xshowfieldformat with sig. 'O{*}m' on line 145.
.................................................
.................................................
. LaTeX info: "xparse/define-command"
. 
. Defining command \xpatchnameformat with sig. 'O{*}m' on line 147.
.................................................
.................................................
. LaTeX info: "xparse/define-command"
. 
. Defining command \xpretonameformat with sig. 'O{*}m' on line 149.
.................................................
.................................................
. LaTeX info: "xparse/define-command"
. 
. Defining command \xapptonameformat with sig. 'O{*}m' on line 151.
.................................................
.................................................
. LaTeX info: "xparse/define-command"
. 
. Defining command \xshownameformat with sig. 'O{*}m' on line 153.
.................................................
.................................................
. LaTeX info: "xparse/define-command"
. 
. Defining command \xpatchlistformat with sig. 'O{*}m' on line 155.
.................................................
.................................................
. LaTeX info: "xparse/define-command"
. 
. Defining command \xpretolistformat with sig. 'O{*}m' on line 157.
.................................................
.................................................
. LaTeX info: "xparse/define-command"
. 
. Defining command \xapptolistformat with sig. 'O{*}m' on line 159.
.................................................
.................................................
. LaTeX info: "xparse/define-command"
. 
. Defining command \xshowlistformat with sig. 'O{*}m' on line 161.
.................................................
.................................................
. LaTeX info: "xparse/define-command"
. 
. Defining command \xpatchindexfieldformat with sig. 'O{*}m' on line 163.
.................................................
.................................................
. LaTeX info: "xparse/define-command"
. 
. Defining command \xpretoindexfieldformat with sig. 'O{*}m' on line 165.
.................................................
.................................................
. LaTeX info: "xparse/define-command"
. 
. Defining command \xapptoindexfieldformat with sig. 'O{*}m' on line 167.
.................................................
.................................................
. LaTeX info: "xparse/define-command"
. 
. Defining command \xshowindexfieldformat with sig. 'O{*}m' on line 169.
.................................................
.................................................
. LaTeX info: "xparse/define-command"
. 
. Defining command \xpatchindexnameformat with sig. 'O{*}m' on line 171.
.................................................
.................................................
. LaTeX info: "xparse/define-command"
. 
. Defining command \xpretoindexnameformat with sig. 'O{*}m' on line 173.
.................................................
.................................................
. LaTeX info: "xparse/define-command"
. 
. Defining command \xapptoindexnameformat with sig. 'O{*}m' on line 175.
.................................................
.................................................
. LaTeX info: "xparse/define-command"
. 
. Defining command \xshowindexnameformat with sig. 'O{*}m' on line 177.
.................................................
.................................................
. LaTeX info: "xparse/define-command"
. 
. Defining command \xpatchindexlistformat with sig. 'O{*}m' on line 179.
.................................................
.................................................
. LaTeX info: "xparse/define-command"
. 
. Defining command \xpretoindexlistformat with sig. 'O{*}m' on line 181.
.................................................
.................................................
. LaTeX info: "xparse/define-command"
. 
. Defining command \xappindextolistformat with sig. 'O{*}m' on line 183.
.................................................
.................................................
. LaTeX info: "xparse/define-command"
. 
. Defining command \xshowindexlistformat with sig. 'O{*}m' on line 185.
.................................................
.................................................
. LaTeX info: "xparse/define-command"
. 
. Defining command \xpatchbibdriver with sig. 'm' on line 187.
.................................................
.................................................
. LaTeX info: "xparse/define-command"
. 
. Defining command \xpretobibdriver with sig. 'm' on line 189.
.................................................
.................................................
. LaTeX info: "xparse/define-command"
. 
. Defining command \xapptobibdriver with sig. 'm' on line 191.
.................................................
.................................................
. LaTeX info: "xparse/define-command"
. 
. Defining command \xshowbibdriver with sig. 'm' on line 193.
.................................................
) (/usr/local/texlive/2018/texmf-dist/tex/latex/base/fontenc.sty
Package: fontenc 2017/04/05 v2.0i Standard LaTeX package
 (/usr/local/texlive/2018/texmf-dist/tex/latex/base/t1enc.def
File: t1enc.def 2017/04/05 v2.0i Standard LaTeX file
LaTeX Font Info:    Redeclaring font encoding T1 on input line 48.
)) (/usr/local/texlive/2018/texmf-dist/tex/latex/microtype/microtype.sty
Package: microtype 2018/01/14 v2.7a Micro-typographical refinements (RS)
\MT@toks=\toks20
\MT@count=\count195
LaTeX Info: Redefining \textls on input line 793.
\MT@outer@kern=\dimen152
LaTeX Info: Redefining \textmicrotypecontext on input line 1339.
\MT@listname@count=\count196

(/usr/local/texlive/2018/texmf-dist/tex/latex/microtype/microtype-pdftex.def
File: microtype-pdftex.def 2018/01/14 v2.7a Definitions specific to pdftex (RS)
LaTeX Info: Redefining \lsstyle on input line 913.
LaTeX Info: Redefining \lslig on input line 913.
\MT@outer@space=\skip56
)
Package microtype Info: Loading configuration file microtype.cfg.
 (/usr/local/texlive/2018/texmf-dist/tex/latex/microtype/microtype.cfg
File: microtype.cfg 2018/01/14 v2.7a microtype main configuration file (RS)
)) (/usr/local/texlive/2018/texmf-dist/tex/latex/newtx/newtxtext.sty
Package: newtxtext 2018/03/27 v1.531
 `newtxtext' v1.531, 2018/03/27 Text macros taking advantage of TeX-Gyre Termes fonts (msharpe) (/usr/local/texlive/2018/texmf-dist/tex/latex/fontaxes/fontaxes.sty
Package: fontaxes 2014/03/23 v1.0d Font selection axes
LaTeX Info: Redefining \upshape on input line 29.
LaTeX Info: Redefining \itshape on input line 31.
LaTeX Info: Redefining \slshape on input line 33.
LaTeX Info: Redefining \scshape on input line 37.
)
\ntx@fs=\dimen153
 (/usr/local/texlive/2018/texmf-dist/tex/latex/xkeyval/xkeyval.sty
Package: xkeyval 2014/12/03 v2.7a package option processing (HA)
 (/usr/local/texlive/2018/texmf-dist/tex/generic/xkeyval/xkeyval.tex (/usr/local/texlive/2018/texmf-dist/tex/generic/xkeyval/xkvutils.tex
\XKV@toks=\toks21
\XKV@tempa@toks=\toks22
)
\XKV@depth=\count197
File: xkeyval.tex 2014/12/03 v2.7a key=value parser (HA)
)) (/usr/local/texlive/2018/texmf-dist/tex/latex/base/fontenc.sty
Package: fontenc 2017/04/05 v2.0i Standard LaTeX package
 (/usr/local/texlive/2018/texmf-dist/tex/latex/base/t1enc.def
File: t1enc.def 2017/04/05 v2.0i Standard LaTeX file
LaTeX Font Info:    Redeclaring font encoding T1 on input line 48.
)) (/usr/local/texlive/2018/texmf-dist/tex/latex/base/textcomp.sty
Package: textcomp 2017/04/05 v2.0i Standard LaTeX package
Package textcomp Info: Sub-encoding information:
(textcomp)               5 = only ISO-Adobe without \textcurrency
(textcomp)               4 = 5 + \texteuro
(textcomp)               3 = 4 + \textohm
(textcomp)               2 = 3 + \textestimated + \textcurrency
(textcomp)               1 = TS1 - \textcircled - \t
(textcomp)               0 = TS1 (full)
(textcomp)             Font families with sub-encoding setting implement
(textcomp)             only a restricted character set as indicated.
(textcomp)             Family '?' is the default used for unknown fonts.
(textcomp)             See the documentation for details.
Package textcomp Info: Setting ? sub-encoding to TS1/1 on input line 79.
Package textcomp Info: Changing ? sub-encoding to TS1/0 on input line 80.
 (/usr/local/texlive/2018/texmf-dist/tex/latex/base/ts1enc.def
File: ts1enc.def 2001/06/05 v3.0e (jk/car/fm) Standard LaTeX file
Now handling font encoding TS1 ...
... processing UTF-8 mapping file for font encoding TS1
 (/usr/local/texlive/2018/texmf-dist/tex/latex/base/ts1enc.dfu
File: ts1enc.dfu 2018/04/05 v1.2c UTF-8 support for inputenc
   defining Unicode char U+00A2 (decimal 162)
   defining Unicode char U+00A3 (decimal 163)
   defining Unicode char U+00A4 (decimal 164)
   defining Unicode char U+00A5 (decimal 165)
   defining Unicode char U+00A6 (decimal 166)
   defining Unicode char U+00A7 (decimal 167)
   defining Unicode char U+00A8 (decimal 168)
   defining Unicode char U+00A9 (decimal 169)
   defining Unicode char U+00AA (decimal 170)
   defining Unicode char U+00AC (decimal 172)
   defining Unicode char U+00AE (decimal 174)
   defining Unicode char U+00AF (decimal 175)
   defining Unicode char U+00B0 (decimal 176)
   defining Unicode char U+00B1 (decimal 177)
   defining Unicode char U+00B2 (decimal 178)
   defining Unicode char U+00B3 (decimal 179)
   defining Unicode char U+00B4 (decimal 180)
   defining Unicode char U+00B5 (decimal 181)
   defining Unicode char U+00B6 (decimal 182)
   defining Unicode char U+00B7 (decimal 183)
   defining Unicode char U+00B9 (decimal 185)
   defining Unicode char U+00BA (decimal 186)
   defining Unicode char U+00BC (decimal 188)
   defining Unicode char U+00BD (decimal 189)
   defining Unicode char U+00BE (decimal 190)
   defining Unicode char U+00D7 (decimal 215)
   defining Unicode char U+00F7 (decimal 247)
   defining Unicode char U+0192 (decimal 402)
   defining Unicode char U+02C7 (decimal 711)
   defining Unicode char U+02D8 (decimal 728)
   defining Unicode char U+02DD (decimal 733)
   defining Unicode char U+0E3F (decimal 3647)
   defining Unicode char U+2016 (decimal 8214)
   defining Unicode char U+2020 (decimal 8224)
   defining Unicode char U+2021 (decimal 8225)
   defining Unicode char U+2022 (decimal 8226)
   defining Unicode char U+2030 (decimal 8240)
   defining Unicode char U+2031 (decimal 8241)
   defining Unicode char U+203B (decimal 8251)
   defining Unicode char U+203D (decimal 8253)
   defining Unicode char U+2044 (decimal 8260)
   defining Unicode char U+204E (decimal 8270)
   defining Unicode char U+2052 (decimal 8274)
   defining Unicode char U+20A1 (decimal 8353)
   defining Unicode char U+20A4 (decimal 8356)
   defining Unicode char U+20A6 (decimal 8358)
   defining Unicode char U+20A9 (decimal 8361)
   defining Unicode char U+20AB (decimal 8363)
   defining Unicode char U+20AC (decimal 8364)
   defining Unicode char U+20B1 (decimal 8369)
   defining Unicode char U+2103 (decimal 8451)
   defining Unicode char U+2116 (decimal 8470)
   defining Unicode char U+2117 (decimal 8471)
   defining Unicode char U+211E (decimal 8478)
   defining Unicode char U+2120 (decimal 8480)
   defining Unicode char U+2122 (decimal 8482)
   defining Unicode char U+2126 (decimal 8486)
   defining Unicode char U+2127 (decimal 8487)
   defining Unicode char U+212E (decimal 8494)
   defining Unicode char U+2190 (decimal 8592)
   defining Unicode char U+2191 (decimal 8593)
   defining Unicode char U+2192 (decimal 8594)
   defining Unicode char U+2193 (decimal 8595)
   defining Unicode char U+2329 (decimal 9001)
   defining Unicode char U+232A (decimal 9002)
   defining Unicode char U+2422 (decimal 9250)
   defining Unicode char U+25E6 (decimal 9702)
   defining Unicode char U+25EF (decimal 9711)
   defining Unicode char U+266A (decimal 9834)
   defining Unicode char U+FEFF (decimal 65279)
))
LaTeX Info: Redefining \oldstylenums on input line 334.
Package textcomp Info: Setting cmr sub-encoding to TS1/0 on input line 349.
Package textcomp Info: Setting cmss sub-encoding to TS1/0 on input line 350.
Package textcomp Info: Setting cmtt sub-encoding to TS1/0 on input line 351.
Package textcomp Info: Setting cmvtt sub-encoding to TS1/0 on input line 352.
Package textcomp Info: Setting cmbr sub-encoding to TS1/0 on input line 353.
Package textcomp Info: Setting cmtl sub-encoding to TS1/0 on input line 354.
Package textcomp Info: Setting ccr sub-encoding to TS1/0 on input line 355.
Package textcomp Info: Setting ptm sub-encoding to TS1/4 on input line 356.
Package textcomp Info: Setting pcr sub-encoding to TS1/4 on input line 357.
Package textcomp Info: Setting phv sub-encoding to TS1/4 on input line 358.
Package textcomp Info: Setting ppl sub-encoding to TS1/3 on input line 359.
Package textcomp Info: Setting pag sub-encoding to TS1/4 on input line 360.
Package textcomp Info: Setting pbk sub-encoding to TS1/4 on input line 361.
Package textcomp Info: Setting pnc sub-encoding to TS1/4 on input line 362.
Package textcomp Info: Setting pzc sub-encoding to TS1/4 on input line 363.
Package textcomp Info: Setting bch sub-encoding to TS1/4 on input line 364.
Package textcomp Info: Setting put sub-encoding to TS1/5 on input line 365.
Package textcomp Info: Setting uag sub-encoding to TS1/5 on input line 366.
Package textcomp Info: Setting ugq sub-encoding to TS1/5 on input line 367.
Package textcomp Info: Setting ul8 sub-encoding to TS1/4 on input line 368.
Package textcomp Info: Setting ul9 sub-encoding to TS1/4 on input line 369.
Package textcomp Info: Setting augie sub-encoding to TS1/5 on input line 370.
Package textcomp Info: Setting dayrom sub-encoding to TS1/3 on input line 371.
Package textcomp Info: Setting dayroms sub-encoding to TS1/3 on input line 372.
Package textcomp Info: Setting pxr sub-encoding to TS1/0 on input line 373.
Package textcomp Info: Setting pxss sub-encoding to TS1/0 on input line 374.
Package textcomp Info: Setting pxtt sub-encoding to TS1/0 on input line 375.
Package textcomp Info: Setting txr sub-encoding to TS1/0 on input line 376.
Package textcomp Info: Setting txss sub-encoding to TS1/0 on input line 377.
Package textcomp Info: Setting txtt sub-encoding to TS1/0 on input line 378.
Package textcomp Info: Setting lmr sub-encoding to TS1/0 on input line 379.
Package textcomp Info: Setting lmdh sub-encoding to TS1/0 on input line 380.
Package textcomp Info: Setting lmss sub-encoding to TS1/0 on input line 381.
Package textcomp Info: Setting lmssq sub-encoding to TS1/0 on input line 382.
Package textcomp Info: Setting lmvtt sub-encoding to TS1/0 on input line 383.
Package textcomp Info: Setting lmtt sub-encoding to TS1/0 on input line 384.
Package textcomp Info: Setting qhv sub-encoding to TS1/0 on input line 385.
Package textcomp Info: Setting qag sub-encoding to TS1/0 on input line 386.
Package textcomp Info: Setting qbk sub-encoding to TS1/0 on input line 387.
Package textcomp Info: Setting qcr sub-encoding to TS1/0 on input line 388.
Package textcomp Info: Setting qcs sub-encoding to TS1/0 on input line 389.
Package textcomp Info: Setting qpl sub-encoding to TS1/0 on input line 390.
Package textcomp Info: Setting qtm sub-encoding to TS1/0 on input line 391.
Package textcomp Info: Setting qzc sub-encoding to TS1/0 on input line 392.
Package textcomp Info: Setting qhvc sub-encoding to TS1/0 on input line 393.
Package textcomp Info: Setting futs sub-encoding to TS1/4 on input line 394.
Package textcomp Info: Setting futx sub-encoding to TS1/4 on input line 395.
Package textcomp Info: Setting futj sub-encoding to TS1/4 on input line 396.
Package textcomp Info: Setting hlh sub-encoding to TS1/3 on input line 397.
Package textcomp Info: Setting hls sub-encoding to TS1/3 on input line 398.
Package textcomp Info: Setting hlst sub-encoding to TS1/3 on input line 399.
Package textcomp Info: Setting hlct sub-encoding to TS1/5 on input line 400.
Package textcomp Info: Setting hlx sub-encoding to TS1/5 on input line 401.
Package textcomp Info: Setting hlce sub-encoding to TS1/5 on input line 402.
Package textcomp Info: Setting hlcn sub-encoding to TS1/5 on input line 403.
Package textcomp Info: Setting hlcw sub-encoding to TS1/5 on input line 404.
Package textcomp Info: Setting hlcf sub-encoding to TS1/5 on input line 405.
Package textcomp Info: Setting pplx sub-encoding to TS1/3 on input line 406.
Package textcomp Info: Setting pplj sub-encoding to TS1/3 on input line 407.
Package textcomp Info: Setting ptmx sub-encoding to TS1/4 on input line 408.
Package textcomp Info: Setting ptmj sub-encoding to TS1/4 on input line 409.
)) (/usr/local/texlive/2018/texmf-dist/tex/latex/newtx/newtxmath.sty
Package: newtxmath 2017/12/14 v1.53

`newtxmath' v1.53, 2017/12/14 Math macros based on txfonts (msharpe) (/usr/local/texlive/2018/texmf-dist/tex/generic/ifxetex/ifxetex.sty
Package: ifxetex 2010/09/12 v0.6 Provides ifxetex conditional
) (/usr/local/texlive/2018/texmf-dist/tex/generic/oberdiek/ifluatex.sty
Package: ifluatex 2016/05/16 v1.4 Provides the ifluatex switch (HO)
Package ifluatex Info: LuaTeX not detected.
) (/usr/local/texlive/2018/texmf-dist/tex/latex/oberdiek/centernot.sty
Package: centernot 2016/05/16 v1.4 Centers the not symbol horizontally (HO)
) (/usr/local/texlive/2018/texmf-dist/tex/generic/kastrup/binhex.tex)
\tx@Isdigit=\count198
LaTeX Font Info:    Redeclaring symbol font `operators' on input line 156.
LaTeX Font Info:    Overwriting symbol font `operators' in version `normal'
(Font)                  OT1/cmr/m/n --> OT1/ntxtlf/m/n on input line 156.
LaTeX Font Info:    Overwriting symbol font `operators' in version `bold'
(Font)                  OT1/cmr/bx/n --> OT1/ntxtlf/m/n on input line 156.
LaTeX Font Info:    Overwriting symbol font `operators' in version `sans'
(Font)                  OT1/cmss/m/n --> OT1/ntxtlf/m/n on input line 156.
LaTeX Font Info:    Overwriting symbol font `operators' in version `bold'
(Font)                  OT1/ntxtlf/m/n --> OT1/ntxtlf/b/n on input line 157.
LaTeX Font Info:    Redeclaring math alphabet \mathrm on input line 161.
LaTeX Font Info:    Redeclaring math alphabet \mathsf on input line 163.
LaTeX Font Info:    Overwriting math alphabet `\mathsf' in version `normal'
(Font)                  OT1/cmss/m/n --> T1/qhv/m/n on input line 163.
LaTeX Font Info:    Overwriting math alphabet `\mathsf' in version `bold'
(Font)                  OT1/cmss/bx/n --> T1/qhv/m/n on input line 163.
LaTeX Font Info:    Overwriting math alphabet `\mathsf' in version `sans'
(Font)                  OT1/cmss/m/n --> T1/qhv/m/n on input line 163.
LaTeX Font Info:    Redeclaring math alphabet \mathit on input line 164.
LaTeX Font Info:    Overwriting math alphabet `\mathit' in version `normal'
(Font)                  OT1/cmr/m/it --> OT1/ntxtlf/m/it on input line 164.
LaTeX Font Info:    Overwriting math alphabet `\mathit' in version `bold'
(Font)                  OT1/cmr/bx/it --> OT1/ntxtlf/m/it on input line 164.
LaTeX Font Info:    Overwriting math alphabet `\mathit' in version `sans'
(Font)                  OT1/cmr/m/it --> OT1/ntxtlf/m/it on input line 164.
LaTeX Font Info:    Redeclaring math alphabet \mathtt on input line 165.
LaTeX Font Info:    Overwriting math alphabet `\mathtt' in version `normal'
(Font)                  OT1/cmtt/m/n --> T1/ntxtt/m/n on input line 165.
LaTeX Font Info:    Overwriting math alphabet `\mathtt' in version `bold'
(Font)                  OT1/cmtt/m/n --> T1/ntxtt/m/n on input line 165.
LaTeX Font Info:    Overwriting math alphabet `\mathtt' in version `sans'
(Font)                  OT1/cmtt/m/n --> T1/ntxtt/m/n on input line 165.
LaTeX Font Info:    Redeclaring math alphabet \mathbf on input line 167.
LaTeX Font Info:    Overwriting math alphabet `\mathbf' in version `normal'
(Font)                  OT1/cmr/bx/n --> OT1/ntxtlf/b/n on input line 167.
LaTeX Font Info:    Overwriting math alphabet `\mathbf' in version `bold'
(Font)                  OT1/cmr/bx/n --> OT1/ntxtlf/b/n on input line 167.
LaTeX Font Info:    Overwriting math alphabet `\mathbf' in version `sans'
(Font)                  OT1/cmr/bx/n --> OT1/ntxtlf/b/n on input line 167.
LaTeX Font Info:    Overwriting math alphabet `\mathit' in version `bold'
(Font)                  OT1/ntxtlf/m/it --> OT1/ntxtlf/b/it on input line 168.
LaTeX Font Info:    Overwriting math alphabet `\mathsf' in version `bold'
(Font)                  T1/qhv/m/n --> T1/qhv/b/n on input line 169.
LaTeX Font Info:    Overwriting math alphabet `\mathtt' in version `bold'
(Font)                  T1/ntxtt/m/n --> T1/ntxtt/b/n on input line 170.
LaTeX Font Info:    Redeclaring symbol font `letters' on input line 221.
LaTeX Font Info:    Overwriting symbol font `letters' in version `normal'
(Font)                  OML/cmm/m/it --> OML/ntxmi/m/it on input line 221.
LaTeX Font Info:    Overwriting symbol font `letters' in version `bold'
(Font)                  OML/cmm/b/it --> OML/ntxmi/m/it on input line 221.
LaTeX Font Info:    Overwriting symbol font `letters' in version `sans'
(Font)                  OML/cmm/m/it --> OML/ntxmi/m/it on input line 221.
LaTeX Font Info:    Overwriting symbol font `letters' in version `bold'
(Font)                  OML/ntxmi/m/it --> OML/ntxmi/b/it on input line 222.
\symlettersA=\mathgroup4
LaTeX Font Info:    Overwriting symbol font `lettersA' in version `bold'
(Font)                  U/ntxmia/m/it --> U/ntxmia/b/it on input line 238.
Now handling font encoding LMS ...
... no UTF-8 mapping file for font encoding LMS
LaTeX Font Info:    Redeclaring symbol font `symbols' on input line 259.
LaTeX Font Info:    Encoding `OMS' has changed to `LMS' for symbol font
(Font)              `symbols' in the math version `normal' on input line 259.
LaTeX Font Info:    Overwriting symbol font `symbols' in version `normal'
(Font)                  OMS/cmsy/m/n --> LMS/ntxsy/m/n on input line 259.
LaTeX Font Info:    Encoding `OMS' has changed to `LMS' for symbol font
(Font)              `symbols' in the math version `bold' on input line 259.
LaTeX Font Info:    Overwriting symbol font `symbols' in version `bold'
(Font)                  OMS/cmsy/b/n --> LMS/ntxsy/m/n on input line 259.
LaTeX Font Info:    Encoding `OMS' has changed to `LMS' for symbol font
(Font)              `symbols' in the math version `sans' on input line 259.
LaTeX Font Info:    Overwriting symbol font `symbols' in version `sans'
(Font)                  OMS/cmsy/m/n --> LMS/ntxsy/m/n on input line 259.
LaTeX Font Info:    Overwriting symbol font `symbols' in version `bold'
(Font)                  LMS/ntxsy/m/n --> LMS/ntxsy/b/n on input line 260.
\symAMSm=\mathgroup5
LaTeX Font Info:    Overwriting symbol font `AMSm' in version `bold'
(Font)                  U/ntxsym/m/n --> U/ntxsym/b/n on input line 283.
\symsymbolsC=\mathgroup6
LaTeX Font Info:    Overwriting symbol font `symbolsC' in version `bold'
(Font)                  U/ntxsyc/m/n --> U/ntxsyc/b/n on input line 304.
Now handling font encoding LMX ...
... no UTF-8 mapping file for font encoding LMX
LaTeX Font Info:    Redeclaring symbol font `largesymbols' on input line 317.
LaTeX Font Info:    Encoding `OMX' has changed to `LMX' for symbol font
(Font)              `largesymbols' in the math version `normal' on input line 317.
LaTeX Font Info:    Overwriting symbol font `largesymbols' in version `normal'
(Font)                  OMX/cmex/m/n --> LMX/ntxexx/m/n on input line 317.
LaTeX Font Info:    Encoding `OMX' has changed to `LMX' for symbol font
(Font)              `largesymbols' in the math version `bold' on input line 317.
LaTeX Font Info:    Overwriting symbol font `largesymbols' in version `bold'
(Font)                  OMX/cmex/m/n --> LMX/ntxexx/m/n on input line 317.
LaTeX Font Info:    Encoding `OMX' has changed to `LMX' for symbol font
(Font)              `largesymbols' in the math version `sans' on input line 317.
LaTeX Font Info:    Overwriting symbol font `largesymbols' in version `sans'
(Font)                  OMX/cmex/m/n --> LMX/ntxexx/m/n on input line 317.
LaTeX Font Info:    Overwriting symbol font `largesymbols' in version `bold'
(Font)                  LMX/ntxexx/m/n --> LMX/ntxexx/b/n on input line 318.
\symlargesymbolsTXA=\mathgroup7
LaTeX Font Info:    Overwriting symbol font `largesymbolsTXA' in version `bold'
(Font)                  U/ntxexa/m/n --> U/ntxexa/b/n on input line 332.
LaTeX Font Info:    Redeclaring math delimiter \lgroup on input line 503.
LaTeX Font Info:    Redeclaring math delimiter \rgroup on input line 504.
LaTeX Font Info:    Redeclaring math delimiter \lmoustache on input line 505.
LaTeX Font Info:    Redeclaring math delimiter \rmoustache on input line 506.
LaTeX Font Info:    Redeclaring math delimiter \lfloor on input line 512.
LaTeX Font Info:    Redeclaring math delimiter \rfloor on input line 513.
LaTeX Font Info:    Redeclaring math delimiter \lceil on input line 514.
LaTeX Font Info:    Redeclaring math delimiter \rceil on input line 515.
LaTeX Font Info:    Redeclaring math delimiter \lbrace on input line 516.
LaTeX Font Info:    Redeclaring math delimiter \rbrace on input line 517.
LaTeX Font Info:    Redeclaring math delimiter \langle on input line 518.
LaTeX Font Info:    Redeclaring math delimiter \rangle on input line 520.
LaTeX Font Info:    Redeclaring math symbol \mid on input line 522.
LaTeX Font Info:    Redeclaring math delimiter \arrowvert on input line 524.
LaTeX Font Info:    Redeclaring math delimiter \vert on input line 525.
LaTeX Font Info:    Redeclaring math symbol \parallel on input line 526.
LaTeX Font Info:    Redeclaring math delimiter \Arrowvert on input line 527.
LaTeX Font Info:    Redeclaring math delimiter \Vert on input line 528.
LaTeX Font Info:    Redeclaring math delimiter \updownarrow on input line 530.
LaTeX Font Info:    Redeclaring math delimiter \Updownarrow on input line 531.
LaTeX Font Info:    Redeclaring math delimiter \lvert on input line 536.
LaTeX Font Info:    Redeclaring math delimiter \rvert on input line 537.
LaTeX Font Info:    Redeclaring math delimiter \lVert on input line 538.
LaTeX Font Info:    Redeclaring math delimiter \rVert on input line 539.
LaTeX Info: Redefining \not on input line 2146.
) (/usr/local/texlive/2018/texmf-dist/tex/latex/textcase/textcase.sty
Package: textcase 2004/10/07 v0.07 Text only upper/lower case changing (DPC)
) (/usr/local/texlive/2018/texmf-dist/tex/latex/xcolor/xcolor.sty
Package: xcolor 2016/05/11 v2.12 LaTeX color extensions (UK)
 (/usr/local/texlive/2018/texmf-dist/tex/latex/graphics-cfg/color.cfg
File: color.cfg 2016/01/02 v1.6 sample color configuration
)
Package xcolor Info: Driver file: pdftex.def on input line 225.
 (/usr/local/texlive/2018/texmf-dist/tex/latex/graphics-def/pdftex.def
File: pdftex.def 2018/01/08 v1.0l Graphics/color driver for pdftex
)
Package xcolor Info: Model `cmy' substituted by `cmy0' on input line 1348.
Package xcolor Info: Model `hsb' substituted by `rgb' on input line 1352.
Package xcolor Info: Model `RGB' extended on input line 1364.
Package xcolor Info: Model `HTML' substituted by `rgb' on input line 1366.
Package xcolor Info: Model `Hsb' substituted by `hsb' on input line 1367.
Package xcolor Info: Model `tHsb' substituted by `hsb' on input line 1368.
Package xcolor Info: Model `HSB' substituted by `hsb' on input line 1369.
Package xcolor Info: Model `Gray' substituted by `gray' on input line 1370.
Package xcolor Info: Model `wave' substituted by `hsb' on input line 1371.
) (/usr/local/texlive/2018/texmf-dist/tex/latex/titlesec/titlesec.sty
Package: titlesec 2016/03/21 v2.10.2 Sectioning titles
\ttl@box=\box43
\beforetitleunit=\skip57
\aftertitleunit=\skip58
\ttl@plus=\dimen154
\ttl@minus=\dimen155
\ttl@toksa=\toks23
\titlewidth=\dimen156
\titlewidthlast=\dimen157
\titlewidthfirst=\dimen158
) (/usr/local/texlive/2018/texmf-dist/tex/latex/fancyhdr/fancyhdr.sty
Package: fancyhdr 2017/06/30 v3.9a Extensive control of page headers and footers
\f@nch@headwidth=\skip59
\f@nch@O@elh=\skip60
\f@nch@O@erh=\skip61
\f@nch@O@olh=\skip62
\f@nch@O@orh=\skip63
\f@nch@O@elf=\skip64
\f@nch@O@erf=\skip65
\f@nch@O@olf=\skip66
\f@nch@O@orf=\skip67
) (/usr/local/texlive/2018/texmf-dist/tex/latex/lineno/lineno.sty
Package: lineno 2005/11/02 line numbers on paragraphs v4.41
\linenopenalty=\count199
\output=\toks24
\linenoprevgraf=\count266
\linenumbersep=\dimen159
\linenumberwidth=\dimen160
\c@linenumber=\count267
\c@pagewiselinenumber=\count268
\c@LN@truepage=\count269
\c@internallinenumber=\count270
\c@internallinenumbers=\count271
\quotelinenumbersep=\dimen161
\bframerule=\dimen162
\bframesep=\dimen163
\bframebox=\box44
LaTeX Info: Redefining \\ on input line 3056.
) (/usr/local/texlive/2018/texmf-dist/tex/latex/preprint/authblk.sty
Package: authblk 2001/02/27 1.3 (PWD)
\affilsep=\skip68
\@affilsep=\skip69
\c@Maxaffil=\count272
\c@authors=\count273
\c@affil=\count274
) (/usr/local/texlive/2018/texmf-dist/tex/latex/environ/environ.sty
Package: environ 2014/05/04 v0.3 A new way to define environments

(/usr/local/texlive/2018/texmf-dist/tex/latex/trimspaces/trimspaces.sty
Package: trimspaces 2009/09/17 v1.1 Trim spaces around a token list
)) (/usr/local/texlive/2018/texmf-dist/tex/latex/abstract/abstract.sty
Package: abstract 2009/06/08 v1.2a configurable abstracts
\abstitleskip=\skip70
\absleftindent=\skip71
\absrightindent=\skip72
\absparindent=\skip73
\absparsep=\skip74
) (/usr/local/texlive/2018/texmf-dist/tex/latex/geometry/geometry.sty
Package: geometry 2018/03/24 v5.7 Page Geometry
 (/usr/local/texlive/2018/texmf-dist/tex/generic/oberdiek/ifpdf.sty
Package: ifpdf 2017/03/15 v3.2 Provides the ifpdf switch
) (/usr/local/texlive/2018/texmf-dist/tex/generic/oberdiek/ifvtex.sty
Package: ifvtex 2016/05/16 v1.6 Detect VTeX and its facilities (HO)
Package ifvtex Info: VTeX not detected.
)
\Gm@cnth=\count275
\Gm@cntv=\count276
\c@Gm@tempcnt=\count277
\Gm@bindingoffset=\dimen164
\Gm@wd@mp=\dimen165
\Gm@odd@mp=\dimen166
\Gm@even@mp=\dimen167
\Gm@layoutwidth=\dimen168
\Gm@layoutheight=\dimen169
\Gm@layouthoffset=\dimen170
\Gm@layoutvoffset=\dimen171
\Gm@dimlist=\toks25
) (/usr/local/texlive/2018/texmf-dist/tex/latex/threeparttable/threeparttable.sty
Package: threeparttable 2003/06/13  v 3.0
\@tempboxb=\box45
) (/usr/local/texlive/2018/texmf-dist/tex/latex/caption/caption.sty
Package: caption 2016/02/21 v3.3-144 Customizing captions (AR)
 (/usr/local/texlive/2018/texmf-dist/tex/latex/caption/caption3.sty
Package: caption3 2016/05/22 v1.7-166 caption3 kernel (AR)
Package caption3 Info: TeX engine: e-TeX on input line 67.
\captionmargin=\dimen172
\captionmargin@=\dimen173
\captionwidth=\dimen174
\caption@tempdima=\dimen175
\caption@indent=\dimen176
\caption@parindent=\dimen177
\caption@hangindent=\dimen178
)
\c@ContinuedFloat=\count278
Package caption Info: threeparttable package is loaded.
) (/usr/local/texlive/2018/texmf-dist/tex/latex/natbib/natbib.sty
Package: natbib 2010/09/13 8.31b (PWD, AO)
\bibhang=\skip75
\bibsep=\skip76
LaTeX Info: Redefining \cite on input line 694.
\c@NAT@ctr=\count279
)) (/usr/local/texlive/2018/texmf-dist/tex/latex/base/inputenc.sty
Package: inputenc 2018/04/06 v1.3b Input encoding file
\inpenc@prehook=\toks26
\inpenc@posthook=\toks27
) (/usr/local/texlive/2018/texmf-dist/tex/latex/graphics/graphicx.sty
Package: graphicx 2017/06/01 v1.1a Enhanced LaTeX Graphics (DPC,SPQR)
 (/usr/local/texlive/2018/texmf-dist/tex/latex/graphics/graphics.sty
Package: graphics 2017/06/25 v1.2c Standard LaTeX Graphics (DPC,SPQR)
 (/usr/local/texlive/2018/texmf-dist/tex/latex/graphics/trig.sty
Package: trig 2016/01/03 v1.10 sin cos tan (DPC)
) (/usr/local/texlive/2018/texmf-dist/tex/latex/graphics-cfg/graphics.cfg
File: graphics.cfg 2016/06/04 v1.11 sample graphics configuration
)
Package graphics Info: Driver file: pdftex.def on input line 99.
)
\Gin@req@height=\dimen179
\Gin@req@width=\dimen180
)
(/usr/local/texlive/2018/texmf-dist/tex/latex/hyperref/hyperref.sty
Package: hyperref 2018/02/06 v6.86b Hypertext links for LaTeX
 (/usr/local/texlive/2018/texmf-dist/tex/generic/oberdiek/hobsub-hyperref.sty
Package: hobsub-hyperref 2016/05/16 v1.14 Bundle oberdiek, subset hyperref (HO)
 (/usr/local/texlive/2018/texmf-dist/tex/generic/oberdiek/hobsub-generic.sty
Package: hobsub-generic 2016/05/16 v1.14 Bundle oberdiek, subset generic (HO)
Package: hobsub 2016/05/16 v1.14 Construct package bundles (HO)
Package: infwarerr 2016/05/16 v1.4 Providing info/warning/error messages (HO)
Package: ltxcmds 2016/05/16 v1.23 LaTeX kernel commands for general use (HO)
Package hobsub Info: Skipping package `ifluatex' (already loaded).
Package hobsub Info: Skipping package `ifvtex' (already loaded).
Package: intcalc 2016/05/16 v1.2 Expandable calculations with integers (HO)
Package hobsub Info: Skipping package `ifpdf' (already loaded).
Package: etexcmds 2016/05/16 v1.6 Avoid name clashes with e-TeX commands (HO)
Package etexcmds Info: Could not find \expanded.
(etexcmds)             That can mean that you are not using pdfTeX 1.50 or
(etexcmds)             that some package has redefined \expanded.
(etexcmds)             In the latter case, load this package earlier.
Package: kvsetkeys 2016/05/16 v1.17 Key value parser (HO)
Package: kvdefinekeys 2016/05/16 v1.4 Define keys (HO)
Package: pdftexcmds 2018/01/30 v0.27 Utility functions of pdfTeX for LuaTeX (HO)
Package pdftexcmds Info: LuaTeX not detected.
Package pdftexcmds Info: \pdf@primitive is available.
Package pdftexcmds Info: \pdf@ifprimitive is available.
Package pdftexcmds Info: \pdfdraftmode found.
Package: pdfescape 2016/05/16 v1.14 Implements pdfTeX's escape features (HO)
Package: bigintcalc 2016/05/16 v1.4 Expandable calculations on big integers (HO)
Package: bitset 2016/05/16 v1.2 Handle bit-vector datatype (HO)
Package: uniquecounter 2016/05/16 v1.3 Provide unlimited unique counter (HO)
)
Package hobsub Info: Skipping package `hobsub' (already loaded).
Package: letltxmacro 2016/05/16 v1.5 Let assignment for LaTeX macros (HO)
Package: hopatch 2016/05/16 v1.3 Wrapper for package hooks (HO)
Package: xcolor-patch 2016/05/16 xcolor patch
Package: atveryend 2016/05/16 v1.9 Hooks at the very end of document (HO)
Package: atbegshi 2016/06/09 v1.18 At begin shipout hook (HO)
Package: refcount 2016/05/16 v3.5 Data extraction from label references (HO)
Package: hycolor 2016/05/16 v1.8 Color options for hyperref/bookmark (HO)
) (/usr/local/texlive/2018/texmf-dist/tex/latex/oberdiek/auxhook.sty
Package: auxhook 2016/05/16 v1.4 Hooks for auxiliary files (HO)
) (/usr/local/texlive/2018/texmf-dist/tex/latex/oberdiek/kvoptions.sty
Package: kvoptions 2016/05/16 v3.12 Key value format for package options (HO)
)
\@linkdim=\dimen181
\Hy@linkcounter=\count280
\Hy@pagecounter=\count281
 (/usr/local/texlive/2018/texmf-dist/tex/latex/hyperref/pd1enc.def
File: pd1enc.def 2018/02/06 v6.86b Hyperref: PDFDocEncoding definition (HO)
Now handling font encoding PD1 ...
... no UTF-8 mapping file for font encoding PD1
)
\Hy@SavedSpaceFactor=\count282
 (/usr/local/texlive/2018/texmf-dist/tex/latex/latexconfig/hyperref.cfg
File: hyperref.cfg 2002/06/06 v1.2 hyperref configuration of TeXLive
)
Package hyperref Info: Option `colorlinks' set `true' on input line 4383.
Package hyperref Info: Hyper figures OFF on input line 4509.
Package hyperref Info: Link nesting OFF on input line 4514.
Package hyperref Info: Hyper index ON on input line 4517.
Package hyperref Info: Plain pages OFF on input line 4524.
Package hyperref Info: Backreferencing OFF on input line 4529.
Package hyperref Info: Implicit mode ON; LaTeX internals redefined.
Package hyperref Info: Bookmarks ON on input line 4762.
\c@Hy@tempcnt=\count283
 (/usr/local/texlive/2018/texmf-dist/tex/latex/url/url.sty
\Urlmuskip=\muskip17
Package: url 2013/09/16  ver 3.4  Verb mode for urls, etc.
)
LaTeX Info: Redefining \url on input line 5115.
\XeTeXLinkMargin=\dimen182
\Fld@menulength=\count284
\Field@Width=\dimen183
\Fld@charsize=\dimen184
Package hyperref Info: Hyper figures OFF on input line 6369.
Package hyperref Info: Link nesting OFF on input line 6374.
Package hyperref Info: Hyper index ON on input line 6377.
Package hyperref Info: backreferencing OFF on input line 6384.
Package hyperref Info: Link coloring ON on input line 6387.
Package hyperref Info: Link coloring with OCG OFF on input line 6394.
Package hyperref Info: PDF/A mode OFF on input line 6399.
LaTeX Info: Redefining \ref on input line 6439.
LaTeX Info: Redefining \pageref on input line 6443.
\Hy@abspage=\count285
\c@Item=\count286
\c@Hfootnote=\count287
)
Package hyperref Info: Driver (autodetected): hpdftex.
 (/usr/local/texlive/2018/texmf-dist/tex/latex/hyperref/hpdftex.def
File: hpdftex.def 2018/02/06 v6.86b Hyperref driver for pdfTeX
\Fld@listcount=\count288
\c@bookmark@seq@number=\count289
 (/usr/local/texlive/2018/texmf-dist/tex/latex/oberdiek/rerunfilecheck.sty
Package: rerunfilecheck 2016/05/16 v1.8 Rerun checks for auxiliary files (HO)
Package uniquecounter Info: New unique counter `rerunfilecheck' on input line 282.
)
\Hy@SectionHShift=\skip77
) (/usr/local/texlive/2018/texmf-dist/tex/latex/lipsum/lipsum.sty
Package: lipsum 2014/07/27 v1.3 150 paragraphs of Lorem Ipsum dummy text
\c@lips@count=\count290
) (/usr/local/texlive/2018/texmf-dist/tex/latex/mhchem/mhchem.sty
Package: mhchem 2017/07/24 v4.07 for typesetting chemical formulae
 (/usr/local/texlive/2018/texmf-dist/tex/latex/l3packages/l3keys2e/l3keys2e.sty
Package: l3keys2e 2018/02/21 LaTeX2e option processing using LaTeX3 keys
) (/usr/local/texlive/2018/texmf-dist/tex/latex/chemgreek/chemgreek.sty
Package: chemgreek 2016/12/20 v1.1 interfaceforuprightgreeklettersforuseinchemistry (CN)
\l__chemgreek_tmpa_int=\count291
\g__chemgreek_tmpa_int=\count292
.................................................
. LaTeX info: "xparse/define-command"
. 
. Defining command \newchemgreekmapping with sig. 'O{}mm' on line 336.
.................................................
.................................................
. LaTeX info: "xparse/define-command"
. 
. Defining command \renewchemgreekmapping with sig. 'O{}mm' on line 339.
.................................................
.................................................
. LaTeX info: "xparse/define-command"
. 
. Defining command \declarechemgreekmapping with sig. 'O{}mm' on line 342.
.................................................
.................................................
. LaTeX info: "xparse/define-command"
. 
. Defining command \newchemgreekmappingalias with sig. 'mm' on line 347.
.................................................
.................................................
. LaTeX info: "xparse/define-command"
. 
. Defining command \renewchemgreekmappingalias with sig. 'mm' on line 350.
.................................................
.................................................
. LaTeX info: "xparse/define-command"
. 
. Defining command \declarechemgreekmappingalias with sig. 'mm' on line 353.
.................................................
.................................................
. LaTeX info: "xparse/define-command"
. 
. Defining command \changechemgreeksymbol with sig. 'mmmm' on line 383.
.................................................
.................................................
. LaTeX info: "xparse/define-command"
. 
. Defining command \chemgreekmappingsymbol with sig. 'mm' on line 477.
.................................................
.................................................
. LaTeX info: "xparse/define-command"
. 
. Defining command \activatechemgreekmapping with sig. 'sm' on line 486.
.................................................
.................................................
. LaTeX info: "xparse/define-command"
. 
. Defining command \selectchemgreekmapping with sig. 'm' on line 491.
.................................................
)
\l__mhchem_ce_distanceFromLastComma_int=\count293
\__mhchem_arrow_extPgfLength_skip=\skip78
\mhchem@minispace@tmp=\skip79
\mhchem@minibackspace@tmp=\skip80
\mhchem@bondwidth=\skip81
\mhchem@bondheight=\skip82
\mhchem@smallbondwidth@tmpA=\skip83
\mhchem@smallbondwidth@tmpB=\skip84
\mhchem@smallbondwidth=\skip85
\mhchem@bondtmp@minussidebearingleft=\skip86
\mhchem@bondtmp@minussidebearingright=\skip87
\l__mhchem_option_version_int=\count294
\mhchem@option@minusmathsidebearingleft=\dimen185
\mhchem@option@minusmathsidebearingright=\dimen186
\mhchem@option@minustextsidebearingleft=\dimen187
\mhchem@option@minustextsidebearingright=\dimen188
)
(/usr/local/texlive/2018/texmf-dist/tex/latex/was/gensymb.sty
Package: gensymb 2003/07/02 v1.0 (WaS)
) (/usr/local/texlive/2018/texmf-dist/tex/latex/amsfonts/amsfonts.sty
Package: amsfonts 2013/01/14 v3.01 Basic AMSFonts support
\symAMSa=\mathgroup8
\symAMSb=\mathgroup9
LaTeX Font Info:    Redeclaring math delimiter \ulcorner on input line 74.
LaTeX Font Info:    Redeclaring math delimiter \urcorner on input line 75.
LaTeX Font Info:    Redeclaring math delimiter \llcorner on input line 76.
LaTeX Font Info:    Redeclaring math delimiter \lrcorner on input line 77.
LaTeX Font Info:    Redeclaring math symbol \square on input line 141.
LaTeX Font Info:    Redeclaring math symbol \lozenge on input line 142.
) (/usr/local/texlive/2018/texmf-dist/tex/latex/amsfonts/amssymb.sty
Package: amssymb 2013/01/14 v3.01 AMS font symbols
LaTeX Font Info:    Redeclaring math symbol \boxdot on input line 44.
LaTeX Font Info:    Redeclaring math symbol \boxplus on input line 45.
LaTeX Font Info:    Redeclaring math symbol \boxtimes on input line 46.
LaTeX Font Info:    Redeclaring math symbol \blacksquare on input line 48.
LaTeX Font Info:    Redeclaring math symbol \centerdot on input line 49.
LaTeX Font Info:    Redeclaring math symbol \blacklozenge on input line 51.
LaTeX Font Info:    Redeclaring math symbol \circlearrowright on input line 52.
LaTeX Font Info:    Redeclaring math symbol \circlearrowleft on input line 53.
LaTeX Font Info:    Redeclaring math symbol \leftrightharpoons on input line 56.
LaTeX Font Info:    Redeclaring math symbol \boxminus on input line 57.
LaTeX Font Info:    Redeclaring math symbol \Vdash on input line 58.
LaTeX Font Info:    Redeclaring math symbol \Vvdash on input line 59.
LaTeX Font Info:    Redeclaring math symbol \vDash on input line 60.
LaTeX Font Info:    Redeclaring math symbol \twoheadrightarrow on input line 61.
LaTeX Font Info:    Redeclaring math symbol \twoheadleftarrow on input line 62.
LaTeX Font Info:    Redeclaring math symbol \leftleftarrows on input line 63.
LaTeX Font Info:    Redeclaring math symbol \rightrightarrows on input line 64.
LaTeX Font Info:    Redeclaring math symbol \upuparrows on input line 65.
LaTeX Font Info:    Redeclaring math symbol \downdownarrows on input line 66.
LaTeX Font Info:    Redeclaring math symbol \upharpoonright on input line 67.
LaTeX Font Info:    Redeclaring math symbol \downharpoonright on input line 69.
LaTeX Font Info:    Redeclaring math symbol \upharpoonleft on input line 70.
LaTeX Font Info:    Redeclaring math symbol \downharpoonleft on input line 71.
LaTeX Font Info:    Redeclaring math symbol \rightarrowtail on input line 72.
LaTeX Font Info:    Redeclaring math symbol \leftarrowtail on input line 73.
LaTeX Font Info:    Redeclaring math symbol \leftrightarrows on input line 74.
LaTeX Font Info:    Redeclaring math symbol \rightleftarrows on input line 75.
LaTeX Font Info:    Redeclaring math symbol \Lsh on input line 76.
LaTeX Font Info:    Redeclaring math symbol \Rsh on input line 77.
LaTeX Font Info:    Redeclaring math symbol \leftrightsquigarrow on input line 79.
LaTeX Font Info:    Redeclaring math symbol \looparrowleft on input line 80.
LaTeX Font Info:    Redeclaring math symbol \looparrowright on input line 81.
LaTeX Font Info:    Redeclaring math symbol \circeq on input line 82.
LaTeX Font Info:    Redeclaring math symbol \succsim on input line 83.
LaTeX Font Info:    Redeclaring math symbol \gtrsim on input line 84.
LaTeX Font Info:    Redeclaring math symbol \gtrapprox on input line 85.
LaTeX Font Info:    Redeclaring math symbol \multimap on input line 86.
LaTeX Font Info:    Redeclaring math symbol \therefore on input line 87.
LaTeX Font Info:    Redeclaring math symbol \because on input line 88.
LaTeX Font Info:    Redeclaring math symbol \doteqdot on input line 89.
LaTeX Font Info:    Redeclaring math symbol \triangleq on input line 91.
LaTeX Font Info:    Redeclaring math symbol \precsim on input line 92.
LaTeX Font Info:    Redeclaring math symbol \lesssim on input line 93.
LaTeX Font Info:    Redeclaring math symbol \lessapprox on input line 94.
LaTeX Font Info:    Redeclaring math symbol \eqslantless on input line 95.
LaTeX Font Info:    Redeclaring math symbol \eqslantgtr on input line 96.
LaTeX Font Info:    Redeclaring math symbol \curlyeqprec on input line 97.
LaTeX Font Info:    Redeclaring math symbol \curlyeqsucc on input line 98.
LaTeX Font Info:    Redeclaring math symbol \preccurlyeq on input line 99.
LaTeX Font Info:    Redeclaring math symbol \leqq on input line 100.
LaTeX Font Info:    Redeclaring math symbol \leqslant on input line 101.
LaTeX Font Info:    Redeclaring math symbol \lessgtr on input line 102.
LaTeX Font Info:    Redeclaring math symbol \backprime on input line 103.
LaTeX Font Info:    Redeclaring math symbol \risingdotseq on input line 104.
LaTeX Font Info:    Redeclaring math symbol \fallingdotseq on input line 105.
LaTeX Font Info:    Redeclaring math symbol \succcurlyeq on input line 106.
LaTeX Font Info:    Redeclaring math symbol \geqq on input line 107.
LaTeX Font Info:    Redeclaring math symbol \geqslant on input line 108.
LaTeX Font Info:    Redeclaring math symbol \gtrless on input line 109.
LaTeX Font Info:    Redeclaring math symbol \bigstar on input line 117.
LaTeX Font Info:    Redeclaring math symbol \between on input line 118.
LaTeX Font Info:    Redeclaring math symbol \blacktriangledown on input line 119.
LaTeX Font Info:    Redeclaring math symbol \blacktriangleright on input line 120.
LaTeX Font Info:    Redeclaring math symbol \blacktriangleleft on input line 121.
LaTeX Font Info:    Redeclaring math symbol \vartriangle on input line 122.
LaTeX Font Info:    Redeclaring math symbol \blacktriangle on input line 123.
LaTeX Font Info:    Redeclaring math symbol \triangledown on input line 124.
LaTeX Font Info:    Redeclaring math symbol \eqcirc on input line 125.
LaTeX Font Info:    Redeclaring math symbol \lesseqgtr on input line 126.
LaTeX Font Info:    Redeclaring math symbol \gtreqless on input line 127.
LaTeX Font Info:    Redeclaring math symbol \lesseqqgtr on input line 128.
LaTeX Font Info:    Redeclaring math symbol \gtreqqless on input line 129.
LaTeX Font Info:    Redeclaring math symbol \Rrightarrow on input line 130.
LaTeX Font Info:    Redeclaring math symbol \Lleftarrow on input line 131.
LaTeX Font Info:    Redeclaring math symbol \veebar on input line 132.
LaTeX Font Info:    Redeclaring math symbol \barwedge on input line 133.
LaTeX Font Info:    Redeclaring math symbol \doublebarwedge on input line 134.
LaTeX Font Info:    Redeclaring math symbol \measuredangle on input line 137.
LaTeX Font Info:    Redeclaring math symbol \sphericalangle on input line 138.
LaTeX Font Info:    Redeclaring math symbol \varpropto on input line 139.
LaTeX Font Info:    Redeclaring math symbol \smallsmile on input line 140.
LaTeX Font Info:    Redeclaring math symbol \smallfrown on input line 141.
LaTeX Font Info:    Redeclaring math symbol \Subset on input line 142.
LaTeX Font Info:    Redeclaring math symbol \Supset on input line 143.
LaTeX Font Info:    Redeclaring math symbol \Cup on input line 144.
LaTeX Font Info:    Redeclaring math symbol \Cap on input line 146.
LaTeX Font Info:    Redeclaring math symbol \curlywedge on input line 148.
LaTeX Font Info:    Redeclaring math symbol \curlyvee on input line 149.
LaTeX Font Info:    Redeclaring math symbol \leftthreetimes on input line 150.
LaTeX Font Info:    Redeclaring math symbol \rightthreetimes on input line 151.
LaTeX Font Info:    Redeclaring math symbol \subseteqq on input line 152.
LaTeX Font Info:    Redeclaring math symbol \supseteqq on input line 153.
LaTeX Font Info:    Redeclaring math symbol \bumpeq on input line 154.
LaTeX Font Info:    Redeclaring math symbol \Bumpeq on input line 155.
LaTeX Font Info:    Redeclaring math symbol \lll on input line 156.
LaTeX Font Info:    Redeclaring math symbol \ggg on input line 158.
LaTeX Font Info:    Redeclaring math symbol \circledS on input line 160.
LaTeX Font Info:    Redeclaring math symbol \pitchfork on input line 161.
LaTeX Font Info:    Redeclaring math symbol \dotplus on input line 162.
LaTeX Font Info:    Redeclaring math symbol \backsim on input line 163.
LaTeX Font Info:    Redeclaring math symbol \backsimeq on input line 164.
LaTeX Font Info:    Redeclaring math symbol \complement on input line 165.
LaTeX Font Info:    Redeclaring math symbol \intercal on input line 166.
LaTeX Font Info:    Redeclaring math symbol \circledcirc on input line 167.
LaTeX Font Info:    Redeclaring math symbol \circledast on input line 168.
LaTeX Font Info:    Redeclaring math symbol \circleddash on input line 169.
LaTeX Font Info:    Redeclaring math symbol \lvertneqq on input line 171.
LaTeX Font Info:    Redeclaring math symbol \gvertneqq on input line 172.
LaTeX Font Info:    Redeclaring math symbol \nleq on input line 173.
LaTeX Font Info:    Redeclaring math symbol \ngeq on input line 174.
LaTeX Font Info:    Redeclaring math symbol \nless on input line 175.
LaTeX Font Info:    Redeclaring math symbol \ngtr on input line 176.
LaTeX Font Info:    Redeclaring math symbol \nprec on input line 177.
LaTeX Font Info:    Redeclaring math symbol \nsucc on input line 178.
LaTeX Font Info:    Redeclaring math symbol \lneqq on input line 179.
LaTeX Font Info:    Redeclaring math symbol \gneqq on input line 180.
LaTeX Font Info:    Redeclaring math symbol \nleqslant on input line 181.
LaTeX Font Info:    Redeclaring math symbol \ngeqslant on input line 182.
LaTeX Font Info:    Redeclaring math symbol \lneq on input line 183.
LaTeX Font Info:    Redeclaring math symbol \gneq on input line 184.
LaTeX Font Info:    Redeclaring math symbol \npreceq on input line 185.
LaTeX Font Info:    Redeclaring math symbol \nsucceq on input line 186.
LaTeX Font Info:    Redeclaring math symbol \precnsim on input line 187.
LaTeX Font Info:    Redeclaring math symbol \succnsim on input line 188.
LaTeX Font Info:    Redeclaring math symbol \lnsim on input line 189.
LaTeX Font Info:    Redeclaring math symbol \gnsim on input line 190.
LaTeX Font Info:    Redeclaring math symbol \nleqq on input line 191.
LaTeX Font Info:    Redeclaring math symbol \ngeqq on input line 192.
LaTeX Font Info:    Redeclaring math symbol \precneqq on input line 193.
LaTeX Font Info:    Redeclaring math symbol \succneqq on input line 194.
LaTeX Font Info:    Redeclaring math symbol \precnapprox on input line 195.
LaTeX Font Info:    Redeclaring math symbol \succnapprox on input line 196.
LaTeX Font Info:    Redeclaring math symbol \lnapprox on input line 197.
LaTeX Font Info:    Redeclaring math symbol \gnapprox on input line 198.
LaTeX Font Info:    Redeclaring math symbol \nsim on input line 199.
LaTeX Font Info:    Redeclaring math symbol \ncong on input line 200.
LaTeX Font Info:    Redeclaring math symbol \diagup on input line 201.
LaTeX Font Info:    Redeclaring math symbol \diagdown on input line 202.
LaTeX Font Info:    Redeclaring math symbol \varsubsetneq on input line 203.
LaTeX Font Info:    Redeclaring math symbol \varsupsetneq on input line 204.
LaTeX Font Info:    Redeclaring math symbol \nsubseteqq on input line 205.
LaTeX Font Info:    Redeclaring math symbol \nsupseteqq on input line 206.
LaTeX Font Info:    Redeclaring math symbol \subsetneqq on input line 207.
LaTeX Font Info:    Redeclaring math symbol \supsetneqq on input line 208.
LaTeX Font Info:    Redeclaring math symbol \varsubsetneqq on input line 209.
LaTeX Font Info:    Redeclaring math symbol \varsupsetneqq on input line 210.
LaTeX Font Info:    Redeclaring math symbol \subsetneq on input line 211.
LaTeX Font Info:    Redeclaring math symbol \supsetneq on input line 212.
LaTeX Font Info:    Redeclaring math symbol \nsubseteq on input line 213.
LaTeX Font Info:    Redeclaring math symbol \nsupseteq on input line 214.
LaTeX Font Info:    Redeclaring math symbol \nparallel on input line 215.
LaTeX Font Info:    Redeclaring math symbol \nmid on input line 216.
LaTeX Font Info:    Redeclaring math symbol \nshortmid on input line 217.
LaTeX Font Info:    Redeclaring math symbol \nshortparallel on input line 218.
LaTeX Font Info:    Redeclaring math symbol \nvdash on input line 219.
LaTeX Font Info:    Redeclaring math symbol \nVdash on input line 220.
LaTeX Font Info:    Redeclaring math symbol \nvDash on input line 221.
LaTeX Font Info:    Redeclaring math symbol \nVDash on input line 222.
LaTeX Font Info:    Redeclaring math symbol \ntrianglerighteq on input line 223.
LaTeX Font Info:    Redeclaring math symbol \ntrianglelefteq on input line 224.
LaTeX Font Info:    Redeclaring math symbol \ntriangleleft on input line 225.
LaTeX Font Info:    Redeclaring math symbol \ntriangleright on input line 226.
LaTeX Font Info:    Redeclaring math symbol \nleftarrow on input line 227.
LaTeX Font Info:    Redeclaring math symbol \nrightarrow on input line 228.
LaTeX Font Info:    Redeclaring math symbol \nLeftarrow on input line 229.
LaTeX Font Info:    Redeclaring math symbol \nRightarrow on input line 230.
LaTeX Font Info:    Redeclaring math symbol \nLeftrightarrow on input line 231.
LaTeX Font Info:    Redeclaring math symbol \nleftrightarrow on input line 232.
LaTeX Font Info:    Redeclaring math symbol \divideontimes on input line 233.
LaTeX Font Info:    Redeclaring math symbol \varnothing on input line 234.
LaTeX Font Info:    Redeclaring math symbol \nexists on input line 235.
LaTeX Font Info:    Redeclaring math symbol \Finv on input line 236.
LaTeX Font Info:    Redeclaring math symbol \Game on input line 237.
LaTeX Font Info:    Redeclaring math symbol \eth on input line 240.
LaTeX Font Info:    Redeclaring math symbol \eqsim on input line 241.
LaTeX Font Info:    Redeclaring math symbol \beth on input line 242.
LaTeX Font Info:    Redeclaring math symbol \gimel on input line 243.
LaTeX Font Info:    Redeclaring math symbol \daleth on input line 244.
LaTeX Font Info:    Redeclaring math symbol \lessdot on input line 245.
LaTeX Font Info:    Redeclaring math symbol \gtrdot on input line 246.
LaTeX Font Info:    Redeclaring math symbol \ltimes on input line 247.
LaTeX Font Info:    Redeclaring math symbol \rtimes on input line 248.
LaTeX Font Info:    Redeclaring math symbol \shortmid on input line 249.
LaTeX Font Info:    Redeclaring math symbol \shortparallel on input line 250.
LaTeX Font Info:    Redeclaring math symbol \smallsetminus on input line 251.
LaTeX Font Info:    Redeclaring math symbol \thicksim on input line 252.
LaTeX Font Info:    Redeclaring math symbol \thickapprox on input line 253.
LaTeX Font Info:    Redeclaring math symbol \approxeq on input line 254.
LaTeX Font Info:    Redeclaring math symbol \succapprox on input line 255.
LaTeX Font Info:    Redeclaring math symbol \precapprox on input line 256.
LaTeX Font Info:    Redeclaring math symbol \curvearrowleft on input line 257.
LaTeX Font Info:    Redeclaring math symbol \curvearrowright on input line 258.
LaTeX Font Info:    Redeclaring math symbol \digamma on input line 259.
LaTeX Font Info:    Redeclaring math symbol \varkappa on input line 260.
LaTeX Font Info:    Redeclaring math symbol \Bbbk on input line 261.
LaTeX Font Info:    Redeclaring math symbol \hslash on input line 262.
LaTeX Font Info:    Redeclaring math symbol \backepsilon on input line 265.
) (/usr/local/texlive/2018/texmf-dist/tex/latex/amscls/amsthm.sty
Package: amsthm 2017/10/31 v2.20.4
\thm@style=\toks28
\thm@bodyfont=\toks29
\thm@headfont=\toks30
\thm@notefont=\toks31
\thm@headpunct=\toks32
\thm@preskip=\skip88
\thm@postskip=\skip89
\thm@headsep=\skip90
\dth@everypar=\toks33


/usr/local/texlive/2018/texmf-dist/tex/latex/amscls/amsthm.sty:427: LaTeX Error: Command \openbox already defined.
               Or name \end... illegal, see p.192 of the manual.

See the LaTeX manual or LaTeX Companion for explanation.
Type  H <return>  for immediate help.
 ...                                              
                                                  
l.427   \vrule\hfil}}
                     
Your command was ignored.
Type  I <command> <return>  to replace it with another command,
or  <return>  to continue without it.

LaTeX Info: Redefining \textsquare on input line 428.
) (/usr/local/texlive/2018/texmf-dist/tex/latex/listings/listings.sty
\lst@mode=\count295
\lst@gtempboxa=\box46
\lst@token=\toks34
\lst@length=\count296
\lst@currlwidth=\dimen189
\lst@column=\count297
\lst@pos=\count298
\lst@lostspace=\dimen190
\lst@width=\dimen191
\lst@newlines=\count299
\lst@lineno=\count300
\lst@maxwidth=\dimen192
 (/usr/local/texlive/2018/texmf-dist/tex/latex/listings/lstmisc.sty
File: lstmisc.sty 2015/06/04 1.6 (Carsten Heinz)
\c@lstnumber=\count301
\lst@skipnumbers=\count302
\lst@framebox=\box47
) (/usr/local/texlive/2018/texmf-dist/tex/latex/listings/listings.cfg
File: listings.cfg 2015/06/04 1.6 listings configuration
))
Package: listings 2015/06/04 1.6 (Carsten Heinz)
LaTeX Font Info:    Try loading font information for T1+ntxtlf on input line 34.
 (/usr/local/texlive/2018/texmf-dist/tex/latex/newtx/t1ntxtlf.fd
File: t1ntxtlf.fd 2015/01/17 v1.0 font definition file for T1/ntx/tlf
)
LaTeX Font Info:    Font shape `T1/ntxtlf/m/n' will be
(Font)              scaled to size 10.0pt on input line 34.
 (./biophys_waves.aux)
\openout1 = `biophys_waves.aux'.

LaTeX Font Info:    Checking defaults for OML/ntxmi/m/it on input line 34.
LaTeX Font Info:    Try loading font information for OML+ntxmi on input line 34.
 (/usr/local/texlive/2018/texmf-dist/tex/latex/newtx/omlntxmi.fd
File: omlntxmi.fd 2015/08/25 Fontinst v1.933 font definitions for OML/ntxmi.
)
LaTeX Font Info:    ... okay on input line 34.
LaTeX Font Info:    Checking defaults for T1/cmr/m/n on input line 34.
LaTeX Font Info:    ... okay on input line 34.
LaTeX Font Info:    Checking defaults for OT1/cmr/m/n on input line 34.
LaTeX Font Info:    ... okay on input line 34.
LaTeX Font Info:    Checking defaults for OMS/cmsy/m/n on input line 34.
LaTeX Font Info:    ... okay on input line 34.
LaTeX Font Info:    Checking defaults for OMX/cmex/m/n on input line 34.
LaTeX Font Info:    ... okay on input line 34.
LaTeX Font Info:    Checking defaults for U/ntxexa/m/n on input line 34.
LaTeX Font Info:    Try loading font information for U+ntxexa on input line 34.
 (/usr/local/texlive/2018/texmf-dist/tex/latex/newtx/untxexa.fd
File: untxexa.fd 2012/04/16 Fontinst v1.933 font definitions for U/ntxexa.
)
LaTeX Font Info:    ... okay on input line 34.
LaTeX Font Info:    Checking defaults for TS1/cmr/m/n on input line 34.
LaTeX Font Info:    Try loading font information for TS1+cmr on input line 34.
 (/usr/local/texlive/2018/texmf-dist/tex/latex/base/ts1cmr.fd
File: ts1cmr.fd 2014/09/29 v2.5h Standard LaTeX font definitions
)
LaTeX Font Info:    ... okay on input line 34.
LaTeX Font Info:    Checking defaults for LMS/ntxsy/m/n on input line 34.
LaTeX Font Info:    Try loading font information for LMS+ntxsy on input line 34.
 (/usr/local/texlive/2018/texmf-dist/tex/latex/newtx/lmsntxsy.fd
File: lmsntxsy.fd 2016/07/02 Fontinst v1.933 font definitions for LMS/ntxsy.
)
LaTeX Font Info:    ... okay on input line 34.
LaTeX Font Info:    Checking defaults for LMX/ntxexx/m/n on input line 34.
LaTeX Font Info:    Try loading font information for LMX+ntxexx on input line 34.
 (/usr/local/texlive/2018/texmf-dist/tex/latex/newtx/lmxntxexx.fd
File: lmxntxexx.fd 2016/07/03 Fontinst v1.933 font definitions for LMX/ntxexx.
)
LaTeX Font Info:    ... okay on input line 34.
LaTeX Font Info:    Checking defaults for PD1/pdf/m/n on input line 34.
LaTeX Font Info:    ... okay on input line 34.
LaTeX Info: Redefining \microtypecontext on input line 34.
Package microtype Info: Generating PDF output.
Package microtype Info: Character protrusion enabled (level 2).
Package microtype Info: Using default protrusion set `alltext'.
Package microtype Info: Automatic font expansion enabled (level 2),
(microtype)             stretch: 20, shrink: 20, step: 1, non-selected.
Package microtype Info: Using default expansion set `basictext'.
Package microtype Info: No adjustment of tracking.
Package microtype Info: No adjustment of interword spacing.
Package microtype Info: No adjustment of character kerning.
 (/usr/local/texlive/2018/texmf-dist/tex/latex/microtype/mt-ptm.cfg
File: mt-ptm.cfg 2006/04/20 v1.7 microtype config. file: Times (RS)
)
\c@mv@tabular=\count303
\c@mv@boldtabular=\count304
 (/usr/local/texlive/2018/texmf-dist/tex/context/base/mkii/supp-pdf.mkii
[Loading MPS to PDF converter (version 2006.09.02).]
\scratchcounter=\count305
\scratchdimen=\dimen193
\scratchbox=\box48
\nofMPsegments=\count306
\nofMParguments=\count307
\everyMPshowfont=\toks35
\MPscratchCnt=\count308
\MPscratchDim=\dimen194
\MPnumerator=\count309
\makeMPintoPDFobject=\count310
\everyMPtoPDFconversion=\toks36
) (/usr/local/texlive/2018/texmf-dist/tex/latex/oberdiek/epstopdf-base.sty
Package: epstopdf-base 2016/05/15 v2.6 Base part for package epstopdf
 (/usr/local/texlive/2018/texmf-dist/tex/latex/oberdiek/grfext.sty
Package: grfext 2016/05/16 v1.2 Manage graphics extensions (HO)
)
Package epstopdf-base Info: Redefining graphics rule for `.eps' on input line 438.
Package grfext Info: Graphics extension search list:
(grfext)             [.pdf,.png,.jpg,.mps,.jpeg,.jbig2,.jb2,.PDF,.PNG,.JPG,.JPEG,.JBIG2,.JB2,.eps]
(grfext)             \AppendGraphicsExtensions on input line 456.
 (/usr/local/texlive/2018/texmf-dist/tex/latex/latexconfig/epstopdf-sys.cfg
File: epstopdf-sys.cfg 2010/07/13 v1.3 Configuration of (r)epstopdf for TeX Live
))
*geometry* driver: auto-detecting
*geometry* detected driver: pdftex
*geometry* verbose mode - [ preamble ] result:
* driver: pdftex
* paper: letterpaper
* layout: <same size as paper>
* layoutoffset:(h,v)=(0.0pt,0.0pt)
* modes: twoside 
* h-part:(L,W,R)=(48.0pt, 499.20007pt, 67.09492pt)
* v-part:(T,H,B)=(70.0pt, 658.20007pt, 66.76991pt)
* \paperwidth=614.295pt
* \paperheight=794.96999pt
* \textwidth=499.20007pt
* \textheight=658.20007pt
* \oddsidemargin=-24.26999pt
* \evensidemargin=-5.17506pt
* \topmargin=-26.26999pt
* \headheight=12.0pt
* \headsep=12.0pt
* \topskip=10.0pt
* \footskip=36.0pt
* \marginparwidth=121.0pt
* \marginparsep=11.0pt
* \columnsep=18.0pt
* \skip\footins=9.0pt plus 4.0pt minus 2.0pt
* \hoffset=0.0pt
* \voffset=0.0pt
* \mag=1000
* \@twocolumnfalse
* \@twosidetrue
* \@mparswitchtrue
* \@reversemarginfalse
* (1in=72.27pt=25.4mm, 1cm=28.453pt)

Package caption Info: Begin \AtBeginDocument code.
Package caption Info: hyperref package is loaded.
Package caption Info: listings package is loaded.
Package caption Info: End \AtBeginDocument code.
\AtBeginShipoutBox=\box49
Package hyperref Info: Link coloring ON on input line 34.
(/usr/local/texlive/2018/texmf-dist/tex/latex/hyperref/nameref.sty
Package: nameref 2016/05/21 v2.44 Cross-referencing by name of section
 (/usr/local/texlive/2018/texmf-dist/tex/generic/oberdiek/gettitlestring.sty
Package: gettitlestring 2016/05/16 v1.5 Cleanup title references (HO)
)
\c@section@level=\count311
)
LaTeX Info: Redefining \ref on input line 34.
LaTeX Info: Redefining \pageref on input line 34.
LaTeX Info: Redefining \nameref on input line 34.
 (./biophys_waves.out) (./biophys_waves.out)
\@outlinefile=\write3
\openout3 = `biophys_waves.out'.

.................................................
. chemgreek info: "mapping-activated"
. 
. Activating mapping `newtx' on line 34.
.................................................
\symgns@font=\mathgroup10
LaTeX Font Info:    Overwriting symbol font `gns@font' in version `bold'
(Font)                  TS1/ntxtlf/m/n --> TS1/ntxtlf/bx/n on input line 34.
Package gensymb Info: Math companion symbols declared on input line 34.
LaTeX Info: Redefining \degree on input line 34.
LaTeX Info: Redefining \celsius on input line 34.
Package gensymb Info: Using text companion symbols for \degree, \celsius and \perthousand on input line 34.
LaTeX Info: Redefining \ohm on input line 34.
Package gensymb Info: Using \textohm for \ohm on input line 34.
Package gensymb Info: Using \textmu for \micro on input line 34.
\c@lstlisting=\count312
LaTeX Font Info:    Try loading font information for T1+qhv on input line 56.
 (/usr/local/texlive/2018/texmf-dist/tex/latex/tex-gyre/t1qhv.fd
File: t1qhv.fd 2009/09/25 v1.2 font definition file for T1/qhv
)
LaTeX Font Info:    Font shape `T1/qhv/m/n' will be
(Font)              scaled to size 8.99994pt on input line 56.
Package microtype Info: Loading generic protrusion settings for font family
(microtype)             `qhv' (encoding: T1).
(microtype)             For optimal results, create family-specific settings.
(microtype)             See the microtype manual for details.
LaTeX Font Info:    Font shape `T1/qhv/bx/n' in size <10> not available
(Font)              Font shape `T1/qhv/b/n' tried instead on input line 56.
LaTeX Font Info:    Font shape `T1/qhv/b/n' will be
(Font)              scaled to size 8.99994pt on input line 56.
LaTeX Font Info:    Font shape `T1/ntxtlf/m/it' will be
(Font)              scaled to size 10.0pt on input line 56.
LaTeX Font Info:    Font shape `T1/ntxtlf/m/n' will be
(Font)              scaled to size 17.28pt on input line 56.
LaTeX Font Info:    Font shape `T1/qhv/m/n' will be
(Font)              scaled to size 15.55188pt on input line 56.
LaTeX Font Info:    Font shape `T1/qhv/bx/n' in size <17.28> not available
(Font)              Font shape `T1/qhv/b/n' tried instead on input line 56.
LaTeX Font Info:    Font shape `T1/qhv/b/n' will be
(Font)              scaled to size 15.55188pt on input line 56.
LaTeX Font Info:    Font shape `T1/ntxtlf/bx/n' in size <10> not available
(Font)              Font shape `T1/ntxtlf/b/n' tried instead on input line 56.
LaTeX Font Info:    Font shape `T1/ntxtlf/b/n' will be
(Font)              scaled to size 10.0pt on input line 56.
LaTeX Font Info:    Font shape `T1/qhv/bx/n' in size <20.74> not available
(Font)              Font shape `T1/qhv/b/n' tried instead on input line 56.
LaTeX Font Info:    Font shape `T1/qhv/b/n' will be
(Font)              scaled to size 18.66588pt on input line 56.
LaTeX Font Info:    Try loading font information for OT1+ntxtlf on input line 56.
 (/usr/local/texlive/2018/texmf-dist/tex/latex/newtx/ot1ntxtlf.fd
File: ot1ntxtlf.fd 2015/01/17 v1.0 font definition file for OT1/ntx/tlf
)
LaTeX Font Info:    Font shape `OT1/ntxtlf/m/n' will be
(Font)              scaled to size 20.74pt on input line 56.
LaTeX Font Info:    Font shape `OT1/ntxtlf/m/n' will be
(Font)              scaled to size 16.1pt on input line 56.
LaTeX Font Info:    Font shape `OT1/ntxtlf/m/n' will be
(Font)              scaled to size 11.4pt on input line 56.
LaTeX Font Info:    Try loading font information for U+ntxmia on input line 56.
 (/usr/local/texlive/2018/texmf-dist/tex/latex/newtx/untxmia.fd
File: untxmia.fd 2016/01/31 Fontinst v1.933 font definitions for U/ntxmia.
)
LaTeX Font Info:    Try loading font information for U+ntxsym on input line 56.
 (/usr/local/texlive/2018/texmf-dist/tex/latex/newtx/untxsym.fd
File: untxsym.fd 2015/03/20 Fontinst v1.933 font definitions for U/ntxsym.
)
LaTeX Font Info:    Try loading font information for U+ntxsyc on input line 56.
 (/usr/local/texlive/2018/texmf-dist/tex/latex/newtx/untxsyc.fd
File: untxsyc.fd 2012/04/12 Fontinst v1.933 font definitions for U/ntxsyc.
)
LaTeX Font Info:    Try loading font information for U+msa on input line 56.
 (/usr/local/texlive/2018/texmf-dist/tex/latex/amsfonts/umsa.fd
File: umsa.fd 2013/01/14 v3.01 AMS symbols A
) (/usr/local/texlive/2018/texmf-dist/tex/latex/microtype/mt-msa.cfg
File: mt-msa.cfg 2006/02/04 v1.1 microtype config. file: AMS symbols (a) (RS)
)
LaTeX Font Info:    Try loading font information for U+msb on input line 56.
 (/usr/local/texlive/2018/texmf-dist/tex/latex/amsfonts/umsb.fd
File: umsb.fd 2013/01/14 v3.01 AMS symbols B
) (/usr/local/texlive/2018/texmf-dist/tex/latex/microtype/mt-msb.cfg
File: mt-msb.cfg 2005/06/01 v1.0 microtype config. file: AMS symbols (b) (RS)
)
LaTeX Font Info:    Try loading font information for TS1+ntxtlf on input line 56.
 (/usr/local/texlive/2018/texmf-dist/tex/latex/newtx/ts1ntxtlf.fd
File: ts1ntxtlf.fd 2015/01/18 v1.0 fd file for TS1/ntxtlf
)
LaTeX Font Info:    Font shape `TS1/ntxtlf/m/n' will be
(Font)              scaled to size 20.74pt on input line 56.
LaTeX Font Info:    Font shape `TS1/ntxtlf/m/n' will be
(Font)              scaled to size 16.1pt on input line 56.
LaTeX Font Info:    Font shape `TS1/ntxtlf/m/n' will be
(Font)              scaled to size 11.4pt on input line 56.
LaTeX Font Info:    Font shape `T1/qhv/bx/n' in size <16.1> not available
(Font)              Font shape `T1/qhv/b/n' tried instead on input line 56.
LaTeX Font Info:    Font shape `T1/qhv/b/n' will be
(Font)              scaled to size 14.4899pt on input line 56.
LaTeX Font Info:    Font shape `T1/qhv/bx/n' in size <11.4> not available
(Font)              Font shape `T1/qhv/b/n' tried instead on input line 56.
LaTeX Font Info:    Font shape `T1/qhv/b/n' will be
(Font)              scaled to size 10.25992pt on input line 56.
LaTeX Font Info:    Font shape `OT1/ntxtlf/m/n' will be
(Font)              scaled to size 10.0pt on input line 56.
LaTeX Font Info:    Font shape `OT1/ntxtlf/m/n' will be
(Font)              scaled to size 7.3pt on input line 56.
LaTeX Font Info:    Font shape `OT1/ntxtlf/m/n' will be
(Font)              scaled to size 5.5pt on input line 56.
LaTeX Font Info:    Font shape `TS1/ntxtlf/m/n' will be
(Font)              scaled to size 10.0pt on input line 56.
LaTeX Font Info:    Font shape `TS1/ntxtlf/m/n' will be
(Font)              scaled to size 7.3pt on input line 56.
LaTeX Font Info:    Font shape `TS1/ntxtlf/m/n' will be
(Font)              scaled to size 5.5pt on input line 56.
Package microtype Info: Loading generic protrusion settings for font family
(microtype)             `cmss' (encoding: OT1).
(microtype)             For optimal results, create family-specific settings.
(microtype)             See the microtype manual for details.


LaTeX Font Warning: Font shape `OT1/cmss/m/sl' in size <5.5> not available
(Font)              size <5> substituted on input line 56.

LaTeX Font Info:    Font shape `T1/qhv/m/n' will be
(Font)              scaled to size 6.56995pt on input line 56.
LaTeX Font Info:    Font shape `T1/qhv/m/n' will be
(Font)              scaled to size 4.94997pt on input line 56.
LaTeX Font Info:    Font shape `T1/qhv/m/it' will be
(Font)              scaled to size 8.99994pt on input line 56.
LaTeX Font Info:    Font shape `T1/qhv/bx/n' in size <12> not available
(Font)              Font shape `T1/qhv/b/n' tried instead on input line 58.
LaTeX Font Info:    Font shape `T1/qhv/b/n' will be
(Font)              scaled to size 10.79993pt on input line 58.
LaTeX Font Info:    Font shape `T1/ntxtlf/m/n' will be
(Font)              scaled to size 7.3pt on input line 60.
LaTeX Font Info:    Font shape `T1/ntxtlf/m/n' will be
(Font)              scaled to size 5.5pt on input line 60.
LaTeX Font Info:    Font shape `T1/qhv/m/n' will be
(Font)              scaled to size 7.19995pt on input line 72.
LaTeX Font Info:    Font shape `T1/qhv/bx/n' in size <8> not available
(Font)              Font shape `T1/qhv/b/n' tried instead on input line 72.
LaTeX Font Info:    Font shape `T1/qhv/b/n' will be
(Font)              scaled to size 7.19995pt on input line 72.
[1

{/usr/local/texlive/2018/texmf-var/fonts/map/pdftex/updmap/pdftex.map}]
Underfull \vbox (badness 10000) has occurred while \output is active []

 [2]

LaTeX Warning: Reference `macros' on page 3 undefined on input line 135.

[3]

./biophys_waves.tex:239: Package inputenc Error: Unicode character  (U+421)
(inputenc)                not set up for use with LaTeX.

See the inputenc package documentation for explanation.
Type  H <return>  for immediate help.
 ...                                              
                                                  
l.239 ...isualized whith Fluo-4 (\ref{fig:fig1} 
                                                  ).
You may provide a definition with
\DeclareUnicodeCharacter 

<fig1.jpg, id=77, 758.835pt x 1011.78pt>
File: fig1.jpg Graphic file (type jpg)
<use fig1.jpg>
Package pdftex.def Info: fig1.jpg  used on input line 245.
(pdftex.def)             Requested size: 399.36157pt x 532.48929pt.
[4] [5 <./fig1.jpg>]
<fig2.jpg, id=93, 602.25pt x 720.7728pt>
File: fig2.jpg Graphic file (type jpg)
<use fig2.jpg>
Package pdftex.def Info: fig2.jpg  used on input line 261.
(pdftex.def)             Requested size: 399.36157pt x 477.97711pt.
<fig4.jpg, id=94, 758.835pt x 1011.78pt>
File: fig4.jpg Graphic file (type jpg)
<use fig4.jpg>
Package pdftex.def Info: fig4.jpg  used on input line 283.
(pdftex.def)             Requested size: 449.27701pt x 599.04466pt.
<fig5.png, id=95, 1494.58376pt x 1083.04625pt>
File: fig5.png Graphic file (type png)
<use fig5.png>
Package pdftex.def Info: fig5.png  used on input line 316.
(pdftex.def)             Requested size: 449.27701pt x 325.5609pt.
<fig3.png, id=96, 1578.89874pt x 849.1725pt>
File: fig3.png Graphic file (type png)
<use fig3.png>
Package pdftex.def Info: fig3.png  used on input line 330.
(pdftex.def)             Requested size: 449.27701pt x 241.62796pt.
<fig6.png, id=97, 1375.1375pt x 1083.04625pt>
File: fig6.png Graphic file (type png)
<use fig6.png>
Package pdftex.def Info: fig6.png  used on input line 345.
(pdftex.def)             Requested size: 449.27701pt x 353.83676pt.
 [6] [7 <./fig2.jpg>] [8 <./fig4.jpg>] [9 <./fig5.png (PNG copy)>]
<fig7.png, id=120, 1463.4675pt x 1083.04625pt>
File: fig7.png Graphic file (type png)
<use fig7.png>
Package pdftex.def Info: fig7.png  used on input line 385.
(pdftex.def)             Requested size: 449.27701pt x 332.48526pt.
 [10 <./fig3.png (PNG copy)>] [11 <./fig6.png (PNG copy)>] [12 <./fig7.png (PNG copy)>]
<fig8.png, id=137, 1926.19624pt x 1083.04625pt>
File: fig8.png Graphic file (type png)
<use fig8.png>
Package pdftex.def Info: fig8.png  used on input line 402.
(pdftex.def)             Requested size: 449.27701pt x 252.61542pt.
<fig9.png, id=138, 1467.4825pt x 1083.04625pt>
File: fig9.png Graphic file (type png)
<use fig9.png>
Package pdftex.def Info: fig9.png  used on input line 417.
(pdftex.def)             Requested size: 449.27701pt x 331.57632pt.
<fig10.png, id=139, 1911.14pt x 1083.04625pt>
File: fig10.png Graphic file (type png)
<use fig10.png>
Package pdftex.def Info: fig10.png  used on input line 430.
(pdftex.def)             Requested size: 449.27701pt x 254.59853pt.
<fig11.png, id=141, 1589.94pt x 1083.04625pt>
File: fig11.png Graphic file (type png)
<use fig11.png>
Package pdftex.def Info: fig11.png  used on input line 444.
(pdftex.def)             Requested size: 449.27701pt x 306.04376pt.
 [13 <./fig8.png (PNG copy)>] [14 <./fig9.png (PNG copy)>]
Underfull \vbox (badness 2409) has occurred while \output is active []

 [15 <./fig10.png (PNG copy)> <./fig11.png (PNG copy)>] [16] [17] (./biophys_waves.bbl [18])
LaTeX Font Info:    Try loading font information for T1+ntxtt on input line 687.
 (/usr/local/texlive/2018/texmf-dist/tex/latex/newtx/t1ntxtt.fd
File: t1ntxtt.fd 2012/04/20 v3.1
)
LaTeX Font Info:    Font shape `T1/ntxtt/m/n' will be
(Font)              scaled to size 10.0pt on input line 687.
Package microtype Info: Loading generic protrusion settings for font family
(microtype)             `ntxtt' (encoding: T1).
(microtype)             For optimal results, create family-specific settings.
(microtype)             See the microtype manual for details.
 [19]
Package atveryend Info: Empty hook `BeforeClearDocument' on input line 710.
 [20]
Package atveryend Info: Empty hook `AfterLastShipout' on input line 710.
 (./biophys_waves.aux)
Package atveryend Info: Executing hook `AtVeryEndDocument' on input line 710.
Package atveryend Info: Executing hook `AtEndAfterFileList' on input line 710.
Package rerunfilecheck Info: File `biophys_waves.out' has not changed.
(rerunfilecheck)             Checksum: D41D8CD98F00B204E9800998ECF8427E;0.


LaTeX Font Warning: Size substitutions with differences
(Font)              up to 0.5pt have occurred.


LaTeX Warning: There were undefined references.

 ) 
Here is how much of TeX's memory you used:
 24880 strings out of 492649
 430499 string characters out of 6129621
 658486 words of memory out of 5000000
 28202 multiletter control sequences out of 15000+600000
 630044 words of font info for 201 fonts, out of 8000000 for 9000
 1141 hyphenation exceptions out of 8191
 60i,15n,94p,10417b,499s stack positions out of 5000i,500n,10000p,200000b,80000s
{/usr/local/texlive/2018/texmf-dist/fonts/enc/dvips/newtx/ntx-ec-tlf.enc}{/usr/local/texlive/2018/texmf-dist/fonts/enc/dvips/base/8r.enc}{/usr/local/texlive/2018/texmf-dist/fonts/enc/dvips/tex-gyre/q-ts1.enc}{/usr/local/texlive/2018/texmf-dist/fonts/enc/dvips/newtx/ntx-ot1-tlf.enc}{/usr/local/texlive/2018/texmf-dist/fonts/enc/dvips/tex-gyre/q-ec.enc}</usr/local/texlive/2018/texmf-dist/fonts/type1/public/tex-gyre/qhvb.pfb></usr/local/texlive/2018/texmf-dist/fonts/type1/public/tex-gyre/qhvr.pfb></usr/local/texlive/2018/texmf-dist/fonts/type1/public/tex-gyre/qhvri.pfb></usr/local/texlive/2018/texmf-dist/fonts/type1/public/tex-gyre/qtmb.pfb></usr/local/texlive/2018/texmf-dist/fonts/type1/public/tex-gyre/qtmr.pfb></usr/local/texlive/2018/texmf-dist/fonts/type1/public/tex-gyre/qtmri.pfb></usr/local/texlive/2018/texmf-dist/fonts/type1/public/newtx/rntxmi.pfb></usr/local/texlive/2018/texmf-dist/fonts/type1/public/newtx/rntxmi7.pfb></usr/local/texlive/2018/texmf-dist/fonts/type1/public/txfont
s/rtxmi.pfb></usr/local/texlive/2018/texmf-dist/fonts/type1/public/newtx/rtxmi7.pfb></usr/local/texlive/2018/texmf-dist/fonts/type1/public/txfonts/rtxr.pfb></usr/local/texlive/2018/texmf-dist/fonts/type1/public/txfonts/t1xtt.pfb></usr/local/texlive/2018/texmf-dist/fonts/type1/public/newtx/txexs.pfb></usr/local/texlive/2018/texmf-dist/fonts/type1/public/txfonts/txmia.pfb></usr/local/texlive/2018/texmf-dist/fonts/type1/public/newtx/txsys.pfb></usr/local/texlive/2018/texmf-dist/fonts/type1/urw/times/utmri8a.pfb>
Output written on biophys_waves.pdf (20 pages, 13984944 bytes).
PDF statistics:
 298 PDF objects out of 1000 (max. 8388607)
 246 compressed objects within 3 object streams
 78 named destinations out of 1000 (max. 500000)
 27192 words of extra memory for PDF output out of 29859 (max. 10000000)

